TN:
SF:/Users/qiuquanhu/Documents/other_items/lozad.js/demo/assets/js/jquery.min.js
FN:2,(anonymous_0)
FN:2,(anonymous_1)
FN:2,(anonymous_2)
FN:2,(anonymous_3)
FN:2,(anonymous_4)
FN:2,(anonymous_5)
FN:2,(anonymous_6)
FN:2,(anonymous_7)
FN:2,(anonymous_8)
FN:2,(anonymous_9)
FN:2,(anonymous_10)
FN:2,(anonymous_11)
FN:2,(anonymous_12)
FN:2,(anonymous_13)
FN:2,(anonymous_14)
FN:2,(anonymous_15)
FN:2,(anonymous_16)
FN:2,(anonymous_17)
FN:2,(anonymous_18)
FN:2,(anonymous_19)
FN:2,(anonymous_20)
FN:2,(anonymous_21)
FN:2,(anonymous_22)
FN:2,(anonymous_23)
FN:2,(anonymous_24)
FN:2,(anonymous_25)
FN:2,(anonymous_26)
FN:2,(anonymous_27)
FN:2,(anonymous_28)
FN:2,(anonymous_29)
FN:2,(anonymous_30)
FN:2,(anonymous_31)
FN:2,(anonymous_32)
FN:2,(anonymous_33)
FN:2,(anonymous_34)
FN:2,(anonymous_35)
FN:2,(anonymous_36)
FN:2,(anonymous_37)
FN:2,(anonymous_38)
FN:2,(anonymous_39)
FN:2,(anonymous_40)
FN:2,r
FN:2,(anonymous_42)
FN:2,(anonymous_43)
FN:2,(anonymous_44)
FN:2,(anonymous_45)
FN:2,(anonymous_46)
FN:2,(anonymous_47)
FN:2,(anonymous_48)
FN:2,ga
FN:2,ha
FN:2,b
FN:2,ia
FN:2,ja
FN:2,ka
FN:2,la
FN:2,ma
FN:2,(anonymous_57)
FN:2,na
FN:2,(anonymous_59)
FN:2,oa
FN:2,(anonymous_61)
FN:2,(anonymous_62)
FN:2,pa
FN:2,(anonymous_64)
FN:2,(anonymous_65)
FN:2,(anonymous_66)
FN:2,(anonymous_67)
FN:2,(anonymous_68)
FN:2,(anonymous_69)
FN:2,(anonymous_70)
FN:2,(anonymous_71)
FN:2,(anonymous_72)
FN:2,(anonymous_73)
FN:2,(anonymous_74)
FN:2,(anonymous_75)
FN:2,(anonymous_76)
FN:2,(anonymous_77)
FN:2,(anonymous_78)
FN:2,(anonymous_79)
FN:2,(anonymous_80)
FN:2,(anonymous_81)
FN:2,(anonymous_82)
FN:2,(anonymous_83)
FN:2,(anonymous_84)
FN:2,(anonymous_85)
FN:2,(anonymous_86)
FN:2,(anonymous_87)
FN:2,(anonymous_88)
FN:2,(anonymous_89)
FN:2,(anonymous_90)
FN:2,(anonymous_91)
FN:2,(anonymous_92)
FN:2,(anonymous_93)
FN:2,(anonymous_94)
FN:2,(anonymous_95)
FN:2,(anonymous_96)
FN:2,(anonymous_97)
FN:2,(anonymous_98)
FN:2,(anonymous_99)
FN:2,(anonymous_100)
FN:2,(anonymous_101)
FN:2,(anonymous_102)
FN:2,(anonymous_103)
FN:2,(anonymous_104)
FN:2,(anonymous_105)
FN:2,(anonymous_106)
FN:2,(anonymous_107)
FN:2,(anonymous_108)
FN:2,(anonymous_109)
FN:2,(anonymous_110)
FN:2,(anonymous_111)
FN:2,(anonymous_112)
FN:2,(anonymous_113)
FN:2,(anonymous_114)
FN:2,(anonymous_115)
FN:2,(anonymous_116)
FN:2,(anonymous_117)
FN:2,(anonymous_118)
FN:2,(anonymous_119)
FN:2,(anonymous_120)
FN:2,(anonymous_121)
FN:2,(anonymous_122)
FN:2,(anonymous_123)
FN:2,(anonymous_124)
FN:2,(anonymous_125)
FN:2,(anonymous_126)
FN:2,(anonymous_127)
FN:2,(anonymous_128)
FN:2,(anonymous_129)
FN:2,(anonymous_130)
FN:2,(anonymous_131)
FN:2,(anonymous_132)
FN:2,(anonymous_133)
FN:2,(anonymous_134)
FN:2,(anonymous_135)
FN:2,qa
FN:2,(anonymous_137)
FN:2,ra
FN:2,sa
FN:2,(anonymous_140)
FN:2,(anonymous_141)
FN:2,ta
FN:2,(anonymous_143)
FN:2,ua
FN:2,va
FN:2,wa
FN:2,(anonymous_147)
FN:2,xa
FN:2,(anonymous_149)
FN:2,(anonymous_150)
FN:2,(anonymous_151)
FN:2,ya
FN:2,(anonymous_153)
FN:2,(anonymous_154)
FN:2,(anonymous_155)
FN:2,(anonymous_156)
FN:2,(anonymous_157)
FN:2,(anonymous_158)
FN:2,(anonymous_159)
FN:2,(anonymous_160)
FN:2,(anonymous_161)
FN:2,(anonymous_162)
FN:2,w
FN:2,(anonymous_164)
FN:2,(anonymous_165)
FN:2,(anonymous_166)
FN:2,(anonymous_167)
FN:2,(anonymous_168)
FN:2,(anonymous_169)
FN:2,(anonymous_170)
FN:2,(anonymous_171)
FN:2,(anonymous_172)
FN:2,(anonymous_173)
FN:2,(anonymous_174)
FN:2,(anonymous_175)
FN:2,(anonymous_176)
FN:2,(anonymous_177)
FN:2,(anonymous_178)
FN:2,(anonymous_179)
FN:2,(anonymous_180)
FN:2,(anonymous_181)
FN:2,(anonymous_182)
FN:2,D
FN:2,(anonymous_184)
FN:2,(anonymous_185)
FN:2,(anonymous_186)
FN:2,(anonymous_187)
FN:2,(anonymous_188)
FN:2,(anonymous_189)
FN:2,(anonymous_190)
FN:2,(anonymous_191)
FN:2,(anonymous_192)
FN:2,(anonymous_193)
FN:2,(anonymous_194)
FN:2,(anonymous_195)
FN:2,(anonymous_196)
FN:2,(anonymous_197)
FN:2,G
FN:2,(anonymous_199)
FN:2,(anonymous_200)
FN:2,(anonymous_201)
FN:2,(anonymous_202)
FN:2,f
FN:2,(anonymous_204)
FN:2,(anonymous_205)
FN:2,(anonymous_206)
FN:2,(anonymous_207)
FN:2,(anonymous_208)
FN:2,(anonymous_209)
FN:2,(anonymous_210)
FN:2,(anonymous_211)
FN:2,(anonymous_212)
FN:2,(anonymous_213)
FN:2,(anonymous_214)
FN:2,(anonymous_215)
FN:2,(anonymous_216)
FN:2,(anonymous_217)
FN:2,(anonymous_218)
FN:2,(anonymous_219)
FN:2,(anonymous_220)
FN:2,(anonymous_221)
FN:2,(anonymous_222)
FN:2,(anonymous_223)
FN:2,(anonymous_224)
FN:2,(anonymous_225)
FN:2,(anonymous_226)
FN:2,(anonymous_227)
FN:2,(anonymous_228)
FN:2,(anonymous_229)
FN:2,(anonymous_230)
FN:2,(anonymous_231)
FN:2,(anonymous_232)
FN:2,I
FN:2,J
FN:2,(anonymous_235)
FN:2,e
FN:2,(anonymous_237)
FN:2,(anonymous_238)
FN:2,(anonymous_239)
FN:2,O
FN:2,P
FN:4,Q
FN:4,R
FN:4,(anonymous_244)
FN:4,(anonymous_245)
FN:4,(anonymous_246)
FN:4,(anonymous_247)
FN:4,(anonymous_248)
FN:4,(anonymous_249)
FN:4,(anonymous_250)
FN:4,(anonymous_251)
FN:4,(anonymous_252)
FN:4,(anonymous_253)
FN:4,(anonymous_254)
FN:4,(anonymous_255)
FN:4,(anonymous_256)
FN:4,(anonymous_257)
FN:4,(anonymous_258)
FN:4,(anonymous_259)
FN:4,(anonymous_260)
FN:4,(anonymous_261)
FN:4,(anonymous_262)
FN:4,(anonymous_263)
FN:4,(anonymous_264)
FN:4,(anonymous_265)
FN:4,(anonymous_266)
FN:4,(anonymous_267)
FN:4,(anonymous_268)
FN:4,(anonymous_269)
FN:4,(anonymous_270)
FN:4,(anonymous_271)
FN:4,aa
FN:4,ba
FN:4,ca
FN:4,(anonymous_275)
FN:4,(anonymous_276)
FN:4,(anonymous_277)
FN:4,(anonymous_278)
FN:4,(anonymous_279)
FN:4,(anonymous_280)
FN:4,(anonymous_281)
FN:4,(anonymous_282)
FN:4,(anonymous_283)
FN:4,(anonymous_284)
FN:4,(anonymous_285)
FN:4,(anonymous_286)
FN:4,(anonymous_287)
FN:4,(anonymous_288)
FN:4,(anonymous_289)
FN:4,(anonymous_290)
FN:4,(anonymous_291)
FN:4,(anonymous_292)
FN:4,(anonymous_293)
FN:4,(anonymous_294)
FN:4,(anonymous_295)
FN:4,(anonymous_296)
FN:4,(anonymous_297)
FN:4,(anonymous_298)
FN:4,(anonymous_299)
FN:4,(anonymous_300)
FN:4,(anonymous_301)
FN:4,(anonymous_302)
FN:4,(anonymous_303)
FN:4,(anonymous_304)
FN:4,(anonymous_305)
FN:4,(anonymous_306)
FN:4,(anonymous_307)
FN:4,(anonymous_308)
FN:4,(anonymous_309)
FN:4,(anonymous_310)
FN:4,(anonymous_311)
FN:4,(anonymous_312)
FN:4,(anonymous_313)
FN:4,(anonymous_314)
FN:4,(anonymous_315)
FN:4,(anonymous_316)
FN:4,(anonymous_317)
FN:4,(anonymous_318)
FN:4,(anonymous_319)
FN:4,(anonymous_320)
FN:4,(anonymous_321)
FN:4,(anonymous_322)
FN:4,da
FN:4,ua
FN:4,va
FN:4,wa
FN:4,xa
FN:4,ya
FN:4,za
FN:4,Aa
FN:4,Ba
FN:4,(anonymous_332)
FN:4,(anonymous_333)
FN:4,(anonymous_334)
FN:4,(anonymous_335)
FN:4,(anonymous_336)
FN:4,(anonymous_337)
FN:4,(anonymous_338)
FN:4,(anonymous_339)
FN:4,(anonymous_340)
FN:4,(anonymous_341)
FN:4,(anonymous_342)
FN:4,(anonymous_343)
FN:4,(anonymous_344)
FN:4,(anonymous_345)
FN:4,(anonymous_346)
FN:4,(anonymous_347)
FN:4,(anonymous_348)
FN:4,(anonymous_349)
FN:4,(anonymous_350)
FN:4,(anonymous_351)
FN:4,(anonymous_352)
FN:4,(anonymous_353)
FN:4,(anonymous_354)
FN:4,(anonymous_355)
FN:4,(anonymous_356)
FN:4,(anonymous_357)
FN:4,Ea
FN:4,Fa
FN:4,(anonymous_360)
FN:4,(anonymous_361)
FN:4,(anonymous_362)
FN:4,(anonymous_363)
FN:4,(anonymous_364)
FN:4,(anonymous_365)
FN:4,La
FN:4,(anonymous_367)
FN:4,(anonymous_368)
FN:4,(anonymous_369)
FN:4,(anonymous_370)
FN:4,(anonymous_371)
FN:4,(anonymous_372)
FN:4,i
FN:4,(anonymous_374)
FN:4,Ua
FN:4,Va
FN:4,Wa
FN:4,Xa
FN:4,Ya
FN:4,(anonymous_380)
FN:4,(anonymous_381)
FN:4,(anonymous_382)
FN:4,(anonymous_383)
FN:4,(anonymous_384)
FN:4,(anonymous_385)
FN:4,(anonymous_386)
FN:4,(anonymous_387)
FN:4,(anonymous_388)
FN:4,(anonymous_389)
FN:4,(anonymous_390)
FN:4,(anonymous_391)
FN:4,(anonymous_392)
FN:4,(anonymous_393)
FN:4,(anonymous_394)
FN:4,(anonymous_395)
FN:4,(anonymous_396)
FN:4,(anonymous_397)
FN:4,Za
FN:5,(anonymous_399)
FN:5,(anonymous_400)
FN:5,(anonymous_401)
FN:5,(anonymous_402)
FN:5,(anonymous_403)
FN:5,(anonymous_404)
FN:5,(anonymous_405)
FN:5,(anonymous_406)
FN:5,(anonymous_407)
FN:5,fb
FN:5,(anonymous_409)
FN:5,gb
FN:5,hb
FN:5,ib
FN:5,(anonymous_413)
FN:5,(anonymous_414)
FN:5,(anonymous_415)
FN:5,(anonymous_416)
FN:5,(anonymous_417)
FN:5,(anonymous_418)
FN:5,jb
FN:5,kb
FN:5,(anonymous_421)
FN:5,(anonymous_422)
FN:5,(anonymous_423)
FN:5,(anonymous_424)
FN:5,(anonymous_425)
FN:5,(anonymous_426)
FN:5,(anonymous_427)
FN:5,(anonymous_428)
FN:5,(anonymous_429)
FN:5,(anonymous_430)
FN:5,(anonymous_431)
FN:5,(anonymous_432)
FN:5,(anonymous_433)
FN:5,(anonymous_434)
FN:5,(anonymous_435)
FN:5,(anonymous_436)
FN:5,(anonymous_437)
FN:5,(anonymous_438)
FN:5,(anonymous_439)
FN:5,(anonymous_440)
FN:5,(anonymous_441)
FN:5,(anonymous_442)
FN:5,(anonymous_443)
FN:5,(anonymous_444)
FN:5,(anonymous_445)
FN:5,(anonymous_446)
FN:5,(anonymous_447)
FN:5,(anonymous_448)
FN:5,(anonymous_449)
FN:5,(anonymous_450)
FN:5,(anonymous_451)
FN:5,(anonymous_452)
FN:5,(anonymous_453)
FN:5,(anonymous_454)
FN:5,(anonymous_455)
FN:5,(anonymous_456)
FN:5,(anonymous_457)
FN:5,(anonymous_458)
FN:5,(anonymous_459)
FN:5,(anonymous_460)
FN:5,(anonymous_461)
FN:5,(anonymous_462)
FN:5,(anonymous_463)
FN:5,(anonymous_464)
FN:5,(anonymous_465)
FN:5,(anonymous_466)
FN:5,(anonymous_467)
FN:5,(anonymous_468)
FN:5,(anonymous_469)
FN:5,(anonymous_470)
FN:5,(anonymous_471)
FN:5,(anonymous_472)
FN:5,(anonymous_473)
FN:5,(anonymous_474)
FN:5,(anonymous_475)
FN:5,(anonymous_476)
FN:5,(anonymous_477)
FN:5,(anonymous_478)
FN:5,(anonymous_479)
FN:5,(anonymous_480)
FN:5,(anonymous_481)
FN:5,(anonymous_482)
FN:5,(anonymous_483)
FN:5,(anonymous_484)
FN:5,(anonymous_485)
FN:5,(anonymous_486)
FN:5,(anonymous_487)
FN:5,(anonymous_488)
FN:5,(anonymous_489)
FN:5,(anonymous_490)
FN:5,(anonymous_491)
FN:5,(anonymous_492)
FN:5,(anonymous_493)
FN:5,(anonymous_494)
FN:5,(anonymous_495)
FN:5,(anonymous_496)
FN:5,(anonymous_497)
FN:5,(anonymous_498)
FN:5,(anonymous_499)
FN:5,(anonymous_500)
FN:5,(anonymous_501)
FN:5,(anonymous_502)
FN:5,(anonymous_503)
FN:5,Lb
FN:5,(anonymous_505)
FN:5,Mb
FN:5,g
FN:5,(anonymous_508)
FN:5,Nb
FN:5,Ob
FN:5,Pb
FN:5,(anonymous_512)
FN:5,(anonymous_513)
FN:5,(anonymous_514)
FN:5,(anonymous_515)
FN:5,(anonymous_516)
FN:5,(anonymous_517)
FN:5,(anonymous_518)
FN:5,(anonymous_519)
FN:5,(anonymous_520)
FN:5,x
FN:5,(anonymous_522)
FN:5,(anonymous_523)
FN:5,(anonymous_524)
FN:5,(anonymous_525)
FN:5,(anonymous_526)
FN:5,(anonymous_527)
FN:5,(anonymous_528)
FN:5,(anonymous_529)
FN:5,(anonymous_530)
FN:5,(anonymous_531)
FN:5,(anonymous_532)
FN:5,(anonymous_533)
FN:5,(anonymous_534)
FN:5,(anonymous_535)
FN:5,(anonymous_536)
FN:5,(anonymous_537)
FN:5,(anonymous_538)
FN:5,Vb
FN:5,(anonymous_540)
FN:5,(anonymous_541)
FN:5,(anonymous_542)
FN:5,(anonymous_543)
FN:5,(anonymous_544)
FN:5,(anonymous_545)
FN:5,(anonymous_546)
FN:5,(anonymous_547)
FN:5,(anonymous_548)
FN:5,(anonymous_549)
FN:5,(anonymous_550)
FN:5,(anonymous_551)
FN:5,(anonymous_552)
FN:5,(anonymous_553)
FN:5,(anonymous_554)
FN:5,(anonymous_555)
FN:5,Zb
FN:5,$b
FN:5,(anonymous_558)
FN:5,(anonymous_559)
FN:5,(anonymous_560)
FN:5,(anonymous_561)
FN:5,(anonymous_562)
FN:5,(anonymous_563)
FN:5,(anonymous_564)
FN:5,(anonymous_565)
FN:5,(anonymous_566)
FN:5,(anonymous_567)
FN:5,(anonymous_568)
FN:5,(anonymous_569)
FN:5,(anonymous_570)
FN:5,(anonymous_571)
FN:5,(anonymous_572)
FN:5,(anonymous_573)
FN:5,(anonymous_574)
FN:5,(anonymous_575)
FN:5,(anonymous_576)
FN:5,dc
FN:5,(anonymous_578)
FN:5,(anonymous_579)
FN:5,(anonymous_580)
FN:5,(anonymous_581)
FN:5,(anonymous_582)
FN:5,(anonymous_583)
FN:5,(anonymous_584)
FN:5,(anonymous_585)
FN:5,(anonymous_586)
FN:5,(anonymous_587)
FN:5,(anonymous_588)
FN:5,(anonymous_589)
FN:5,(anonymous_590)
FN:5,(anonymous_591)
FN:5,(anonymous_592)
FN:5,(anonymous_593)
FN:5,(anonymous_594)
FN:5,(anonymous_595)
FNF:596
FNH:0
FNDA:0,(anonymous_0)
FNDA:0,(anonymous_1)
FNDA:0,(anonymous_2)
FNDA:0,(anonymous_3)
FNDA:0,(anonymous_4)
FNDA:0,(anonymous_5)
FNDA:0,(anonymous_6)
FNDA:0,(anonymous_7)
FNDA:0,(anonymous_8)
FNDA:0,(anonymous_9)
FNDA:0,(anonymous_10)
FNDA:0,(anonymous_11)
FNDA:0,(anonymous_12)
FNDA:0,(anonymous_13)
FNDA:0,(anonymous_14)
FNDA:0,(anonymous_15)
FNDA:0,(anonymous_16)
FNDA:0,(anonymous_17)
FNDA:0,(anonymous_18)
FNDA:0,(anonymous_19)
FNDA:0,(anonymous_20)
FNDA:0,(anonymous_21)
FNDA:0,(anonymous_22)
FNDA:0,(anonymous_23)
FNDA:0,(anonymous_24)
FNDA:0,(anonymous_25)
FNDA:0,(anonymous_26)
FNDA:0,(anonymous_27)
FNDA:0,(anonymous_28)
FNDA:0,(anonymous_29)
FNDA:0,(anonymous_30)
FNDA:0,(anonymous_31)
FNDA:0,(anonymous_32)
FNDA:0,(anonymous_33)
FNDA:0,(anonymous_34)
FNDA:0,(anonymous_35)
FNDA:0,(anonymous_36)
FNDA:0,(anonymous_37)
FNDA:0,(anonymous_38)
FNDA:0,(anonymous_39)
FNDA:0,(anonymous_40)
FNDA:0,r
FNDA:0,(anonymous_42)
FNDA:0,(anonymous_43)
FNDA:0,(anonymous_44)
FNDA:0,(anonymous_45)
FNDA:0,(anonymous_46)
FNDA:0,(anonymous_47)
FNDA:0,(anonymous_48)
FNDA:0,ga
FNDA:0,ha
FNDA:0,b
FNDA:0,ia
FNDA:0,ja
FNDA:0,ka
FNDA:0,la
FNDA:0,ma
FNDA:0,(anonymous_57)
FNDA:0,na
FNDA:0,(anonymous_59)
FNDA:0,oa
FNDA:0,(anonymous_61)
FNDA:0,(anonymous_62)
FNDA:0,pa
FNDA:0,(anonymous_64)
FNDA:0,(anonymous_65)
FNDA:0,(anonymous_66)
FNDA:0,(anonymous_67)
FNDA:0,(anonymous_68)
FNDA:0,(anonymous_69)
FNDA:0,(anonymous_70)
FNDA:0,(anonymous_71)
FNDA:0,(anonymous_72)
FNDA:0,(anonymous_73)
FNDA:0,(anonymous_74)
FNDA:0,(anonymous_75)
FNDA:0,(anonymous_76)
FNDA:0,(anonymous_77)
FNDA:0,(anonymous_78)
FNDA:0,(anonymous_79)
FNDA:0,(anonymous_80)
FNDA:0,(anonymous_81)
FNDA:0,(anonymous_82)
FNDA:0,(anonymous_83)
FNDA:0,(anonymous_84)
FNDA:0,(anonymous_85)
FNDA:0,(anonymous_86)
FNDA:0,(anonymous_87)
FNDA:0,(anonymous_88)
FNDA:0,(anonymous_89)
FNDA:0,(anonymous_90)
FNDA:0,(anonymous_91)
FNDA:0,(anonymous_92)
FNDA:0,(anonymous_93)
FNDA:0,(anonymous_94)
FNDA:0,(anonymous_95)
FNDA:0,(anonymous_96)
FNDA:0,(anonymous_97)
FNDA:0,(anonymous_98)
FNDA:0,(anonymous_99)
FNDA:0,(anonymous_100)
FNDA:0,(anonymous_101)
FNDA:0,(anonymous_102)
FNDA:0,(anonymous_103)
FNDA:0,(anonymous_104)
FNDA:0,(anonymous_105)
FNDA:0,(anonymous_106)
FNDA:0,(anonymous_107)
FNDA:0,(anonymous_108)
FNDA:0,(anonymous_109)
FNDA:0,(anonymous_110)
FNDA:0,(anonymous_111)
FNDA:0,(anonymous_112)
FNDA:0,(anonymous_113)
FNDA:0,(anonymous_114)
FNDA:0,(anonymous_115)
FNDA:0,(anonymous_116)
FNDA:0,(anonymous_117)
FNDA:0,(anonymous_118)
FNDA:0,(anonymous_119)
FNDA:0,(anonymous_120)
FNDA:0,(anonymous_121)
FNDA:0,(anonymous_122)
FNDA:0,(anonymous_123)
FNDA:0,(anonymous_124)
FNDA:0,(anonymous_125)
FNDA:0,(anonymous_126)
FNDA:0,(anonymous_127)
FNDA:0,(anonymous_128)
FNDA:0,(anonymous_129)
FNDA:0,(anonymous_130)
FNDA:0,(anonymous_131)
FNDA:0,(anonymous_132)
FNDA:0,(anonymous_133)
FNDA:0,(anonymous_134)
FNDA:0,(anonymous_135)
FNDA:0,qa
FNDA:0,(anonymous_137)
FNDA:0,ra
FNDA:0,sa
FNDA:0,(anonymous_140)
FNDA:0,(anonymous_141)
FNDA:0,ta
FNDA:0,(anonymous_143)
FNDA:0,ua
FNDA:0,va
FNDA:0,wa
FNDA:0,(anonymous_147)
FNDA:0,xa
FNDA:0,(anonymous_149)
FNDA:0,(anonymous_150)
FNDA:0,(anonymous_151)
FNDA:0,ya
FNDA:0,(anonymous_153)
FNDA:0,(anonymous_154)
FNDA:0,(anonymous_155)
FNDA:0,(anonymous_156)
FNDA:0,(anonymous_157)
FNDA:0,(anonymous_158)
FNDA:0,(anonymous_159)
FNDA:0,(anonymous_160)
FNDA:0,(anonymous_161)
FNDA:0,(anonymous_162)
FNDA:0,w
FNDA:0,(anonymous_164)
FNDA:0,(anonymous_165)
FNDA:0,(anonymous_166)
FNDA:0,(anonymous_167)
FNDA:0,(anonymous_168)
FNDA:0,(anonymous_169)
FNDA:0,(anonymous_170)
FNDA:0,(anonymous_171)
FNDA:0,(anonymous_172)
FNDA:0,(anonymous_173)
FNDA:0,(anonymous_174)
FNDA:0,(anonymous_175)
FNDA:0,(anonymous_176)
FNDA:0,(anonymous_177)
FNDA:0,(anonymous_178)
FNDA:0,(anonymous_179)
FNDA:0,(anonymous_180)
FNDA:0,(anonymous_181)
FNDA:0,(anonymous_182)
FNDA:0,D
FNDA:0,(anonymous_184)
FNDA:0,(anonymous_185)
FNDA:0,(anonymous_186)
FNDA:0,(anonymous_187)
FNDA:0,(anonymous_188)
FNDA:0,(anonymous_189)
FNDA:0,(anonymous_190)
FNDA:0,(anonymous_191)
FNDA:0,(anonymous_192)
FNDA:0,(anonymous_193)
FNDA:0,(anonymous_194)
FNDA:0,(anonymous_195)
FNDA:0,(anonymous_196)
FNDA:0,(anonymous_197)
FNDA:0,G
FNDA:0,(anonymous_199)
FNDA:0,(anonymous_200)
FNDA:0,(anonymous_201)
FNDA:0,(anonymous_202)
FNDA:0,f
FNDA:0,(anonymous_204)
FNDA:0,(anonymous_205)
FNDA:0,(anonymous_206)
FNDA:0,(anonymous_207)
FNDA:0,(anonymous_208)
FNDA:0,(anonymous_209)
FNDA:0,(anonymous_210)
FNDA:0,(anonymous_211)
FNDA:0,(anonymous_212)
FNDA:0,(anonymous_213)
FNDA:0,(anonymous_214)
FNDA:0,(anonymous_215)
FNDA:0,(anonymous_216)
FNDA:0,(anonymous_217)
FNDA:0,(anonymous_218)
FNDA:0,(anonymous_219)
FNDA:0,(anonymous_220)
FNDA:0,(anonymous_221)
FNDA:0,(anonymous_222)
FNDA:0,(anonymous_223)
FNDA:0,(anonymous_224)
FNDA:0,(anonymous_225)
FNDA:0,(anonymous_226)
FNDA:0,(anonymous_227)
FNDA:0,(anonymous_228)
FNDA:0,(anonymous_229)
FNDA:0,(anonymous_230)
FNDA:0,(anonymous_231)
FNDA:0,(anonymous_232)
FNDA:0,I
FNDA:0,J
FNDA:0,(anonymous_235)
FNDA:0,e
FNDA:0,(anonymous_237)
FNDA:0,(anonymous_238)
FNDA:0,(anonymous_239)
FNDA:0,O
FNDA:0,P
FNDA:0,Q
FNDA:0,R
FNDA:0,(anonymous_244)
FNDA:0,(anonymous_245)
FNDA:0,(anonymous_246)
FNDA:0,(anonymous_247)
FNDA:0,(anonymous_248)
FNDA:0,(anonymous_249)
FNDA:0,(anonymous_250)
FNDA:0,(anonymous_251)
FNDA:0,(anonymous_252)
FNDA:0,(anonymous_253)
FNDA:0,(anonymous_254)
FNDA:0,(anonymous_255)
FNDA:0,(anonymous_256)
FNDA:0,(anonymous_257)
FNDA:0,(anonymous_258)
FNDA:0,(anonymous_259)
FNDA:0,(anonymous_260)
FNDA:0,(anonymous_261)
FNDA:0,(anonymous_262)
FNDA:0,(anonymous_263)
FNDA:0,(anonymous_264)
FNDA:0,(anonymous_265)
FNDA:0,(anonymous_266)
FNDA:0,(anonymous_267)
FNDA:0,(anonymous_268)
FNDA:0,(anonymous_269)
FNDA:0,(anonymous_270)
FNDA:0,(anonymous_271)
FNDA:0,aa
FNDA:0,ba
FNDA:0,ca
FNDA:0,(anonymous_275)
FNDA:0,(anonymous_276)
FNDA:0,(anonymous_277)
FNDA:0,(anonymous_278)
FNDA:0,(anonymous_279)
FNDA:0,(anonymous_280)
FNDA:0,(anonymous_281)
FNDA:0,(anonymous_282)
FNDA:0,(anonymous_283)
FNDA:0,(anonymous_284)
FNDA:0,(anonymous_285)
FNDA:0,(anonymous_286)
FNDA:0,(anonymous_287)
FNDA:0,(anonymous_288)
FNDA:0,(anonymous_289)
FNDA:0,(anonymous_290)
FNDA:0,(anonymous_291)
FNDA:0,(anonymous_292)
FNDA:0,(anonymous_293)
FNDA:0,(anonymous_294)
FNDA:0,(anonymous_295)
FNDA:0,(anonymous_296)
FNDA:0,(anonymous_297)
FNDA:0,(anonymous_298)
FNDA:0,(anonymous_299)
FNDA:0,(anonymous_300)
FNDA:0,(anonymous_301)
FNDA:0,(anonymous_302)
FNDA:0,(anonymous_303)
FNDA:0,(anonymous_304)
FNDA:0,(anonymous_305)
FNDA:0,(anonymous_306)
FNDA:0,(anonymous_307)
FNDA:0,(anonymous_308)
FNDA:0,(anonymous_309)
FNDA:0,(anonymous_310)
FNDA:0,(anonymous_311)
FNDA:0,(anonymous_312)
FNDA:0,(anonymous_313)
FNDA:0,(anonymous_314)
FNDA:0,(anonymous_315)
FNDA:0,(anonymous_316)
FNDA:0,(anonymous_317)
FNDA:0,(anonymous_318)
FNDA:0,(anonymous_319)
FNDA:0,(anonymous_320)
FNDA:0,(anonymous_321)
FNDA:0,(anonymous_322)
FNDA:0,da
FNDA:0,ua
FNDA:0,va
FNDA:0,wa
FNDA:0,xa
FNDA:0,ya
FNDA:0,za
FNDA:0,Aa
FNDA:0,Ba
FNDA:0,(anonymous_332)
FNDA:0,(anonymous_333)
FNDA:0,(anonymous_334)
FNDA:0,(anonymous_335)
FNDA:0,(anonymous_336)
FNDA:0,(anonymous_337)
FNDA:0,(anonymous_338)
FNDA:0,(anonymous_339)
FNDA:0,(anonymous_340)
FNDA:0,(anonymous_341)
FNDA:0,(anonymous_342)
FNDA:0,(anonymous_343)
FNDA:0,(anonymous_344)
FNDA:0,(anonymous_345)
FNDA:0,(anonymous_346)
FNDA:0,(anonymous_347)
FNDA:0,(anonymous_348)
FNDA:0,(anonymous_349)
FNDA:0,(anonymous_350)
FNDA:0,(anonymous_351)
FNDA:0,(anonymous_352)
FNDA:0,(anonymous_353)
FNDA:0,(anonymous_354)
FNDA:0,(anonymous_355)
FNDA:0,(anonymous_356)
FNDA:0,(anonymous_357)
FNDA:0,Ea
FNDA:0,Fa
FNDA:0,(anonymous_360)
FNDA:0,(anonymous_361)
FNDA:0,(anonymous_362)
FNDA:0,(anonymous_363)
FNDA:0,(anonymous_364)
FNDA:0,(anonymous_365)
FNDA:0,La
FNDA:0,(anonymous_367)
FNDA:0,(anonymous_368)
FNDA:0,(anonymous_369)
FNDA:0,(anonymous_370)
FNDA:0,(anonymous_371)
FNDA:0,(anonymous_372)
FNDA:0,i
FNDA:0,(anonymous_374)
FNDA:0,Ua
FNDA:0,Va
FNDA:0,Wa
FNDA:0,Xa
FNDA:0,Ya
FNDA:0,(anonymous_380)
FNDA:0,(anonymous_381)
FNDA:0,(anonymous_382)
FNDA:0,(anonymous_383)
FNDA:0,(anonymous_384)
FNDA:0,(anonymous_385)
FNDA:0,(anonymous_386)
FNDA:0,(anonymous_387)
FNDA:0,(anonymous_388)
FNDA:0,(anonymous_389)
FNDA:0,(anonymous_390)
FNDA:0,(anonymous_391)
FNDA:0,(anonymous_392)
FNDA:0,(anonymous_393)
FNDA:0,(anonymous_394)
FNDA:0,(anonymous_395)
FNDA:0,(anonymous_396)
FNDA:0,(anonymous_397)
FNDA:0,Za
FNDA:0,(anonymous_399)
FNDA:0,(anonymous_400)
FNDA:0,(anonymous_401)
FNDA:0,(anonymous_402)
FNDA:0,(anonymous_403)
FNDA:0,(anonymous_404)
FNDA:0,(anonymous_405)
FNDA:0,(anonymous_406)
FNDA:0,(anonymous_407)
FNDA:0,fb
FNDA:0,(anonymous_409)
FNDA:0,gb
FNDA:0,hb
FNDA:0,ib
FNDA:0,(anonymous_413)
FNDA:0,(anonymous_414)
FNDA:0,(anonymous_415)
FNDA:0,(anonymous_416)
FNDA:0,(anonymous_417)
FNDA:0,(anonymous_418)
FNDA:0,jb
FNDA:0,kb
FNDA:0,(anonymous_421)
FNDA:0,(anonymous_422)
FNDA:0,(anonymous_423)
FNDA:0,(anonymous_424)
FNDA:0,(anonymous_425)
FNDA:0,(anonymous_426)
FNDA:0,(anonymous_427)
FNDA:0,(anonymous_428)
FNDA:0,(anonymous_429)
FNDA:0,(anonymous_430)
FNDA:0,(anonymous_431)
FNDA:0,(anonymous_432)
FNDA:0,(anonymous_433)
FNDA:0,(anonymous_434)
FNDA:0,(anonymous_435)
FNDA:0,(anonymous_436)
FNDA:0,(anonymous_437)
FNDA:0,(anonymous_438)
FNDA:0,(anonymous_439)
FNDA:0,(anonymous_440)
FNDA:0,(anonymous_441)
FNDA:0,(anonymous_442)
FNDA:0,(anonymous_443)
FNDA:0,(anonymous_444)
FNDA:0,(anonymous_445)
FNDA:0,(anonymous_446)
FNDA:0,(anonymous_447)
FNDA:0,(anonymous_448)
FNDA:0,(anonymous_449)
FNDA:0,(anonymous_450)
FNDA:0,(anonymous_451)
FNDA:0,(anonymous_452)
FNDA:0,(anonymous_453)
FNDA:0,(anonymous_454)
FNDA:0,(anonymous_455)
FNDA:0,(anonymous_456)
FNDA:0,(anonymous_457)
FNDA:0,(anonymous_458)
FNDA:0,(anonymous_459)
FNDA:0,(anonymous_460)
FNDA:0,(anonymous_461)
FNDA:0,(anonymous_462)
FNDA:0,(anonymous_463)
FNDA:0,(anonymous_464)
FNDA:0,(anonymous_465)
FNDA:0,(anonymous_466)
FNDA:0,(anonymous_467)
FNDA:0,(anonymous_468)
FNDA:0,(anonymous_469)
FNDA:0,(anonymous_470)
FNDA:0,(anonymous_471)
FNDA:0,(anonymous_472)
FNDA:0,(anonymous_473)
FNDA:0,(anonymous_474)
FNDA:0,(anonymous_475)
FNDA:0,(anonymous_476)
FNDA:0,(anonymous_477)
FNDA:0,(anonymous_478)
FNDA:0,(anonymous_479)
FNDA:0,(anonymous_480)
FNDA:0,(anonymous_481)
FNDA:0,(anonymous_482)
FNDA:0,(anonymous_483)
FNDA:0,(anonymous_484)
FNDA:0,(anonymous_485)
FNDA:0,(anonymous_486)
FNDA:0,(anonymous_487)
FNDA:0,(anonymous_488)
FNDA:0,(anonymous_489)
FNDA:0,(anonymous_490)
FNDA:0,(anonymous_491)
FNDA:0,(anonymous_492)
FNDA:0,(anonymous_493)
FNDA:0,(anonymous_494)
FNDA:0,(anonymous_495)
FNDA:0,(anonymous_496)
FNDA:0,(anonymous_497)
FNDA:0,(anonymous_498)
FNDA:0,(anonymous_499)
FNDA:0,(anonymous_500)
FNDA:0,(anonymous_501)
FNDA:0,(anonymous_502)
FNDA:0,(anonymous_503)
FNDA:0,Lb
FNDA:0,(anonymous_505)
FNDA:0,Mb
FNDA:0,g
FNDA:0,(anonymous_508)
FNDA:0,Nb
FNDA:0,Ob
FNDA:0,Pb
FNDA:0,(anonymous_512)
FNDA:0,(anonymous_513)
FNDA:0,(anonymous_514)
FNDA:0,(anonymous_515)
FNDA:0,(anonymous_516)
FNDA:0,(anonymous_517)
FNDA:0,(anonymous_518)
FNDA:0,(anonymous_519)
FNDA:0,(anonymous_520)
FNDA:0,x
FNDA:0,(anonymous_522)
FNDA:0,(anonymous_523)
FNDA:0,(anonymous_524)
FNDA:0,(anonymous_525)
FNDA:0,(anonymous_526)
FNDA:0,(anonymous_527)
FNDA:0,(anonymous_528)
FNDA:0,(anonymous_529)
FNDA:0,(anonymous_530)
FNDA:0,(anonymous_531)
FNDA:0,(anonymous_532)
FNDA:0,(anonymous_533)
FNDA:0,(anonymous_534)
FNDA:0,(anonymous_535)
FNDA:0,(anonymous_536)
FNDA:0,(anonymous_537)
FNDA:0,(anonymous_538)
FNDA:0,Vb
FNDA:0,(anonymous_540)
FNDA:0,(anonymous_541)
FNDA:0,(anonymous_542)
FNDA:0,(anonymous_543)
FNDA:0,(anonymous_544)
FNDA:0,(anonymous_545)
FNDA:0,(anonymous_546)
FNDA:0,(anonymous_547)
FNDA:0,(anonymous_548)
FNDA:0,(anonymous_549)
FNDA:0,(anonymous_550)
FNDA:0,(anonymous_551)
FNDA:0,(anonymous_552)
FNDA:0,(anonymous_553)
FNDA:0,(anonymous_554)
FNDA:0,(anonymous_555)
FNDA:0,Zb
FNDA:0,$b
FNDA:0,(anonymous_558)
FNDA:0,(anonymous_559)
FNDA:0,(anonymous_560)
FNDA:0,(anonymous_561)
FNDA:0,(anonymous_562)
FNDA:0,(anonymous_563)
FNDA:0,(anonymous_564)
FNDA:0,(anonymous_565)
FNDA:0,(anonymous_566)
FNDA:0,(anonymous_567)
FNDA:0,(anonymous_568)
FNDA:0,(anonymous_569)
FNDA:0,(anonymous_570)
FNDA:0,(anonymous_571)
FNDA:0,(anonymous_572)
FNDA:0,(anonymous_573)
FNDA:0,(anonymous_574)
FNDA:0,(anonymous_575)
FNDA:0,(anonymous_576)
FNDA:0,dc
FNDA:0,(anonymous_578)
FNDA:0,(anonymous_579)
FNDA:0,(anonymous_580)
FNDA:0,(anonymous_581)
FNDA:0,(anonymous_582)
FNDA:0,(anonymous_583)
FNDA:0,(anonymous_584)
FNDA:0,(anonymous_585)
FNDA:0,(anonymous_586)
FNDA:0,(anonymous_587)
FNDA:0,(anonymous_588)
FNDA:0,(anonymous_589)
FNDA:0,(anonymous_590)
FNDA:0,(anonymous_591)
FNDA:0,(anonymous_592)
FNDA:0,(anonymous_593)
FNDA:0,(anonymous_594)
FNDA:0,(anonymous_595)
DA:2,0
DA:4,0
DA:5,0
LF:3
LH:0
BRDA:2,0,0,0
BRDA:2,0,1,0
BRDA:2,1,0,0
BRDA:2,1,1,0
BRDA:2,2,0,0
BRDA:2,2,1,0
BRDA:2,3,0,0
BRDA:2,3,1,0
BRDA:2,4,0,0
BRDA:2,4,1,0
BRDA:2,5,0,0
BRDA:2,5,1,0
BRDA:2,6,0,0
BRDA:2,6,1,0
BRDA:2,7,0,0
BRDA:2,7,1,0
BRDA:2,8,0,0
BRDA:2,8,1,0
BRDA:2,9,0,0
BRDA:2,9,1,0
BRDA:2,10,0,0
BRDA:2,10,1,0
BRDA:2,11,0,0
BRDA:2,11,1,0
BRDA:2,12,0,0
BRDA:2,12,1,0
BRDA:2,13,0,0
BRDA:2,13,1,0
BRDA:2,14,0,0
BRDA:2,14,1,0
BRDA:2,14,2,0
BRDA:2,15,0,0
BRDA:2,15,1,0
BRDA:2,16,0,0
BRDA:2,16,1,0
BRDA:2,17,0,0
BRDA:2,17,1,0
BRDA:2,18,0,0
BRDA:2,18,1,0
BRDA:2,19,0,0
BRDA:2,19,1,0
BRDA:2,19,2,0
BRDA:2,19,3,0
BRDA:2,20,0,0
BRDA:2,20,1,0
BRDA:2,21,0,0
BRDA:2,21,1,0
BRDA:2,22,0,0
BRDA:2,22,1,0
BRDA:2,23,0,0
BRDA:2,23,1,0
BRDA:2,24,0,0
BRDA:2,24,1,0
BRDA:2,25,0,0
BRDA:2,25,1,0
BRDA:2,26,0,0
BRDA:2,26,1,0
BRDA:2,27,0,0
BRDA:2,27,1,0
BRDA:2,28,0,0
BRDA:2,28,1,0
BRDA:2,29,0,0
BRDA:2,29,1,0
BRDA:2,30,0,0
BRDA:2,30,1,0
BRDA:2,30,2,0
BRDA:2,30,3,0
BRDA:2,31,0,0
BRDA:2,31,1,0
BRDA:2,32,0,0
BRDA:2,32,1,0
BRDA:2,32,2,0
BRDA:2,33,0,0
BRDA:2,33,1,0
BRDA:2,34,0,0
BRDA:2,34,1,0
BRDA:2,35,0,0
BRDA:2,35,1,0
BRDA:2,36,0,0
BRDA:2,36,1,0
BRDA:2,37,0,0
BRDA:2,37,1,0
BRDA:2,38,0,0
BRDA:2,38,1,0
BRDA:2,39,0,0
BRDA:2,39,1,0
BRDA:2,39,2,0
BRDA:2,40,0,0
BRDA:2,40,1,0
BRDA:2,41,0,0
BRDA:2,41,1,0
BRDA:2,42,0,0
BRDA:2,42,1,0
BRDA:2,43,0,0
BRDA:2,43,1,0
BRDA:2,44,0,0
BRDA:2,44,1,0
BRDA:2,45,0,0
BRDA:2,45,1,0
BRDA:2,46,0,0
BRDA:2,46,1,0
BRDA:2,47,0,0
BRDA:2,47,1,0
BRDA:2,48,0,0
BRDA:2,48,1,0
BRDA:2,49,0,0
BRDA:2,49,1,0
BRDA:2,50,0,0
BRDA:2,50,1,0
BRDA:2,51,0,0
BRDA:2,51,1,0
BRDA:2,52,0,0
BRDA:2,52,1,0
BRDA:2,53,0,0
BRDA:2,53,1,0
BRDA:2,54,0,0
BRDA:2,54,1,0
BRDA:2,55,0,0
BRDA:2,55,1,0
BRDA:2,56,0,0
BRDA:2,56,1,0
BRDA:2,57,0,0
BRDA:2,57,1,0
BRDA:2,58,0,0
BRDA:2,58,1,0
BRDA:2,59,0,0
BRDA:2,59,1,0
BRDA:2,60,0,0
BRDA:2,60,1,0
BRDA:2,61,0,0
BRDA:2,61,1,0
BRDA:2,62,0,0
BRDA:2,62,1,0
BRDA:2,63,0,0
BRDA:2,63,1,0
BRDA:2,64,0,0
BRDA:2,64,1,0
BRDA:2,65,0,0
BRDA:2,65,1,0
BRDA:2,66,0,0
BRDA:2,66,1,0
BRDA:2,67,0,0
BRDA:2,67,1,0
BRDA:2,68,0,0
BRDA:2,68,1,0
BRDA:2,69,0,0
BRDA:2,69,1,0
BRDA:2,70,0,0
BRDA:2,70,1,0
BRDA:2,71,0,0
BRDA:2,71,1,0
BRDA:2,72,0,0
BRDA:2,72,1,0
BRDA:2,73,0,0
BRDA:2,73,1,0
BRDA:2,74,0,0
BRDA:2,74,1,0
BRDA:2,74,2,0
BRDA:2,74,3,0
BRDA:2,74,4,0
BRDA:2,75,0,0
BRDA:2,75,1,0
BRDA:2,76,0,0
BRDA:2,76,1,0
BRDA:2,77,0,0
BRDA:2,77,1,0
BRDA:2,78,0,0
BRDA:2,78,1,0
BRDA:2,79,0,0
BRDA:2,79,1,0
BRDA:2,80,0,0
BRDA:2,80,1,0
BRDA:2,81,0,0
BRDA:2,81,1,0
BRDA:2,82,0,0
BRDA:2,82,1,0
BRDA:2,83,0,0
BRDA:2,83,1,0
BRDA:2,84,0,0
BRDA:2,84,1,0
BRDA:2,85,0,0
BRDA:2,85,1,0
BRDA:2,86,0,0
BRDA:2,86,1,0
BRDA:2,87,0,0
BRDA:2,87,1,0
BRDA:2,87,2,0
BRDA:2,87,3,0
BRDA:2,87,4,0
BRDA:2,88,0,0
BRDA:2,88,1,0
BRDA:2,89,0,0
BRDA:2,89,1,0
BRDA:2,90,0,0
BRDA:2,90,1,0
BRDA:2,91,0,0
BRDA:2,91,1,0
BRDA:2,92,0,0
BRDA:2,92,1,0
BRDA:2,93,0,0
BRDA:2,93,1,0
BRDA:2,94,0,0
BRDA:2,94,1,0
BRDA:2,95,0,0
BRDA:2,95,1,0
BRDA:2,96,0,0
BRDA:2,96,1,0
BRDA:2,97,0,0
BRDA:2,97,1,0
BRDA:2,98,0,0
BRDA:2,98,1,0
BRDA:2,98,2,0
BRDA:2,98,3,0
BRDA:2,99,0,0
BRDA:2,99,1,0
BRDA:2,100,0,0
BRDA:2,100,1,0
BRDA:2,101,0,0
BRDA:2,101,1,0
BRDA:2,102,0,0
BRDA:2,102,1,0
BRDA:2,103,0,0
BRDA:2,103,1,0
BRDA:2,103,2,0
BRDA:2,104,0,0
BRDA:2,104,1,0
BRDA:2,105,0,0
BRDA:2,105,1,0
BRDA:2,106,0,0
BRDA:2,106,1,0
BRDA:2,107,0,0
BRDA:2,107,1,0
BRDA:2,108,0,0
BRDA:2,108,1,0
BRDA:2,108,2,0
BRDA:2,109,0,0
BRDA:2,109,1,0
BRDA:2,110,0,0
BRDA:2,110,1,0
BRDA:2,111,0,0
BRDA:2,111,1,0
BRDA:2,112,0,0
BRDA:2,112,1,0
BRDA:2,113,0,0
BRDA:2,113,1,0
BRDA:2,114,0,0
BRDA:2,114,1,0
BRDA:2,114,2,0
BRDA:2,114,3,0
BRDA:2,115,0,0
BRDA:2,115,1,0
BRDA:2,116,0,0
BRDA:2,116,1,0
BRDA:2,117,0,0
BRDA:2,117,1,0
BRDA:2,118,0,0
BRDA:2,118,1,0
BRDA:2,119,0,0
BRDA:2,119,1,0
BRDA:2,120,0,0
BRDA:2,120,1,0
BRDA:2,121,0,0
BRDA:2,121,1,0
BRDA:2,122,0,0
BRDA:2,122,1,0
BRDA:2,122,2,0
BRDA:2,123,0,0
BRDA:2,123,1,0
BRDA:2,124,0,0
BRDA:2,124,1,0
BRDA:2,124,2,0
BRDA:2,125,0,0
BRDA:2,125,1,0
BRDA:2,126,0,0
BRDA:2,126,1,0
BRDA:2,127,0,0
BRDA:2,127,1,0
BRDA:2,128,0,0
BRDA:2,128,1,0
BRDA:2,129,0,0
BRDA:2,129,1,0
BRDA:2,130,0,0
BRDA:2,130,1,0
BRDA:2,131,0,0
BRDA:2,131,1,0
BRDA:2,131,2,0
BRDA:2,132,0,0
BRDA:2,132,1,0
BRDA:2,132,2,0
BRDA:2,133,0,0
BRDA:2,133,1,0
BRDA:2,134,0,0
BRDA:2,134,1,0
BRDA:2,135,0,0
BRDA:2,135,1,0
BRDA:2,136,0,0
BRDA:2,136,1,0
BRDA:2,137,0,0
BRDA:2,137,1,0
BRDA:2,138,0,0
BRDA:2,138,1,0
BRDA:2,139,0,0
BRDA:2,139,1,0
BRDA:2,140,0,0
BRDA:2,140,1,0
BRDA:2,141,0,0
BRDA:2,141,1,0
BRDA:2,142,0,0
BRDA:2,142,1,0
BRDA:2,143,0,0
BRDA:2,143,1,0
BRDA:2,144,0,0
BRDA:2,144,1,0
BRDA:2,145,0,0
BRDA:2,145,1,0
BRDA:2,146,0,0
BRDA:2,146,1,0
BRDA:2,147,0,0
BRDA:2,147,1,0
BRDA:2,148,0,0
BRDA:2,148,1,0
BRDA:2,149,0,0
BRDA:2,149,1,0
BRDA:2,150,0,0
BRDA:2,150,1,0
BRDA:2,151,0,0
BRDA:2,151,1,0
BRDA:2,152,0,0
BRDA:2,152,1,0
BRDA:2,153,0,0
BRDA:2,153,1,0
BRDA:2,154,0,0
BRDA:2,154,1,0
BRDA:2,155,0,0
BRDA:2,155,1,0
BRDA:2,156,0,0
BRDA:2,156,1,0
BRDA:2,157,0,0
BRDA:2,157,1,0
BRDA:2,158,0,0
BRDA:2,158,1,0
BRDA:2,159,0,0
BRDA:2,159,1,0
BRDA:2,159,2,0
BRDA:2,159,3,0
BRDA:2,159,4,0
BRDA:2,160,0,0
BRDA:2,160,1,0
BRDA:2,161,0,0
BRDA:2,161,1,0
BRDA:2,162,0,0
BRDA:2,162,1,0
BRDA:2,163,0,0
BRDA:2,163,1,0
BRDA:2,164,0,0
BRDA:2,164,1,0
BRDA:2,165,0,0
BRDA:2,165,1,0
BRDA:2,166,0,0
BRDA:2,166,1,0
BRDA:2,167,0,0
BRDA:2,167,1,0
BRDA:2,167,2,0
BRDA:2,168,0,0
BRDA:2,168,1,0
BRDA:2,169,0,0
BRDA:2,169,1,0
BRDA:2,170,0,0
BRDA:2,170,1,0
BRDA:2,171,0,0
BRDA:2,171,1,0
BRDA:2,172,0,0
BRDA:2,172,1,0
BRDA:2,173,0,0
BRDA:2,173,1,0
BRDA:2,174,0,0
BRDA:2,174,1,0
BRDA:2,175,0,0
BRDA:2,175,1,0
BRDA:2,176,0,0
BRDA:2,176,1,0
BRDA:2,177,0,0
BRDA:2,177,1,0
BRDA:2,178,0,0
BRDA:2,178,1,0
BRDA:2,179,0,0
BRDA:2,179,1,0
BRDA:2,179,2,0
BRDA:2,180,0,0
BRDA:2,180,1,0
BRDA:2,181,0,0
BRDA:2,181,1,0
BRDA:2,181,2,0
BRDA:2,182,0,0
BRDA:2,182,1,0
BRDA:2,183,0,0
BRDA:2,183,1,0
BRDA:2,183,2,0
BRDA:2,184,0,0
BRDA:2,184,1,0
BRDA:2,185,0,0
BRDA:2,185,1,0
BRDA:2,186,0,0
BRDA:2,186,1,0
BRDA:2,187,0,0
BRDA:2,187,1,0
BRDA:2,188,0,0
BRDA:2,188,1,0
BRDA:2,189,0,0
BRDA:2,189,1,0
BRDA:2,190,0,0
BRDA:2,190,1,0
BRDA:2,191,0,0
BRDA:2,191,1,0
BRDA:2,192,0,0
BRDA:2,192,1,0
BRDA:2,193,0,0
BRDA:2,193,1,0
BRDA:2,194,0,0
BRDA:2,194,1,0
BRDA:2,195,0,0
BRDA:2,195,1,0
BRDA:2,196,0,0
BRDA:2,196,1,0
BRDA:2,197,0,0
BRDA:2,197,1,0
BRDA:2,198,0,0
BRDA:2,198,1,0
BRDA:2,199,0,0
BRDA:2,199,1,0
BRDA:2,200,0,0
BRDA:2,200,1,0
BRDA:2,201,0,0
BRDA:2,201,1,0
BRDA:2,201,2,0
BRDA:2,201,3,0
BRDA:2,201,4,0
BRDA:2,201,5,0
BRDA:2,202,0,0
BRDA:2,202,1,0
BRDA:2,203,0,0
BRDA:2,203,1,0
BRDA:2,203,2,0
BRDA:2,203,3,0
BRDA:2,204,0,0
BRDA:2,204,1,0
BRDA:2,205,0,0
BRDA:2,205,1,0
BRDA:2,206,0,0
BRDA:2,206,1,0
BRDA:2,207,0,0
BRDA:2,207,1,0
BRDA:2,208,0,0
BRDA:2,208,1,0
BRDA:2,209,0,0
BRDA:2,209,1,0
BRDA:2,210,0,0
BRDA:2,210,1,0
BRDA:2,211,0,0
BRDA:2,211,1,0
BRDA:2,212,0,0
BRDA:2,212,1,0
BRDA:2,213,0,0
BRDA:2,213,1,0
BRDA:2,214,0,0
BRDA:2,214,1,0
BRDA:2,215,0,0
BRDA:2,215,1,0
BRDA:2,216,0,0
BRDA:2,216,1,0
BRDA:2,217,0,0
BRDA:2,217,1,0
BRDA:2,218,0,0
BRDA:2,218,1,0
BRDA:2,219,0,0
BRDA:2,219,1,0
BRDA:2,220,0,0
BRDA:2,220,1,0
BRDA:2,220,2,0
BRDA:2,221,0,0
BRDA:2,221,1,0
BRDA:2,222,0,0
BRDA:2,222,1,0
BRDA:2,223,0,0
BRDA:2,223,1,0
BRDA:2,224,0,0
BRDA:2,224,1,0
BRDA:2,224,2,0
BRDA:2,224,3,0
BRDA:2,225,0,0
BRDA:2,225,1,0
BRDA:2,226,0,0
BRDA:2,226,1,0
BRDA:2,227,0,0
BRDA:2,227,1,0
BRDA:2,228,0,0
BRDA:2,228,1,0
BRDA:2,229,0,0
BRDA:2,229,1,0
BRDA:2,230,0,0
BRDA:2,230,1,0
BRDA:2,231,0,0
BRDA:2,231,1,0
BRDA:2,232,0,0
BRDA:2,232,1,0
BRDA:2,233,0,0
BRDA:2,233,1,0
BRDA:2,234,0,0
BRDA:2,234,1,0
BRDA:2,235,0,0
BRDA:2,235,1,0
BRDA:2,236,0,0
BRDA:2,236,1,0
BRDA:2,236,2,0
BRDA:2,237,0,0
BRDA:2,237,1,0
BRDA:2,237,2,0
BRDA:2,237,3,0
BRDA:2,237,4,0
BRDA:2,238,0,0
BRDA:2,238,1,0
BRDA:2,239,0,0
BRDA:2,239,1,0
BRDA:2,240,0,0
BRDA:2,240,1,0
BRDA:2,240,2,0
BRDA:2,241,0,0
BRDA:2,241,1,0
BRDA:2,241,2,0
BRDA:2,241,3,0
BRDA:2,241,4,0
BRDA:2,242,0,0
BRDA:2,242,1,0
BRDA:2,243,0,0
BRDA:2,243,1,0
BRDA:2,244,0,0
BRDA:2,244,1,0
BRDA:2,245,0,0
BRDA:2,245,1,0
BRDA:2,246,0,0
BRDA:2,246,1,0
BRDA:2,247,0,0
BRDA:2,247,1,0
BRDA:2,248,0,0
BRDA:2,248,1,0
BRDA:2,249,0,0
BRDA:2,249,1,0
BRDA:2,250,0,0
BRDA:2,250,1,0
BRDA:2,251,0,0
BRDA:2,251,1,0
BRDA:2,252,0,0
BRDA:2,252,1,0
BRDA:2,253,0,0
BRDA:2,253,1,0
BRDA:2,254,0,0
BRDA:2,254,1,0
BRDA:2,255,0,0
BRDA:2,255,1,0
BRDA:2,256,0,0
BRDA:2,256,1,0
BRDA:2,257,0,0
BRDA:2,257,1,0
BRDA:2,258,0,0
BRDA:2,258,1,0
BRDA:2,259,0,0
BRDA:2,259,1,0
BRDA:2,260,0,0
BRDA:2,260,1,0
BRDA:2,261,0,0
BRDA:2,261,1,0
BRDA:2,262,0,0
BRDA:2,262,1,0
BRDA:2,263,0,0
BRDA:2,263,1,0
BRDA:2,264,0,0
BRDA:2,264,1,0
BRDA:2,264,2,0
BRDA:2,265,0,0
BRDA:2,265,1,0
BRDA:2,266,0,0
BRDA:2,266,1,0
BRDA:2,267,0,0
BRDA:2,267,1,0
BRDA:2,268,0,0
BRDA:2,268,1,0
BRDA:2,269,0,0
BRDA:2,269,1,0
BRDA:2,270,0,0
BRDA:2,270,1,0
BRDA:2,271,0,0
BRDA:2,271,1,0
BRDA:2,272,0,0
BRDA:2,272,1,0
BRDA:2,273,0,0
BRDA:2,273,1,0
BRDA:2,273,2,0
BRDA:2,273,3,0
BRDA:2,273,4,0
BRDA:2,274,0,0
BRDA:2,274,1,0
BRDA:2,275,0,0
BRDA:2,275,1,0
BRDA:2,275,2,0
BRDA:2,276,0,0
BRDA:2,276,1,0
BRDA:2,277,0,0
BRDA:2,277,1,0
BRDA:2,277,2,0
BRDA:2,278,0,0
BRDA:2,278,1,0
BRDA:2,279,0,0
BRDA:2,279,1,0
BRDA:2,279,2,0
BRDA:2,279,3,0
BRDA:2,279,4,0
BRDA:2,280,0,0
BRDA:2,280,1,0
BRDA:2,281,0,0
BRDA:2,281,1,0
BRDA:2,281,2,0
BRDA:2,282,0,0
BRDA:2,282,1,0
BRDA:2,283,0,0
BRDA:2,283,1,0
BRDA:2,284,0,0
BRDA:2,284,1,0
BRDA:2,285,0,0
BRDA:2,285,1,0
BRDA:2,285,2,0
BRDA:2,286,0,0
BRDA:2,286,1,0
BRDA:2,286,2,0
BRDA:2,287,0,0
BRDA:2,287,1,0
BRDA:2,288,0,0
BRDA:2,288,1,0
BRDA:2,289,0,0
BRDA:2,289,1,0
BRDA:2,290,0,0
BRDA:2,290,1,0
BRDA:2,291,0,0
BRDA:2,291,1,0
BRDA:2,292,0,0
BRDA:2,292,1,0
BRDA:2,292,2,0
BRDA:2,293,0,0
BRDA:2,293,1,0
BRDA:2,294,0,0
BRDA:2,294,1,0
BRDA:2,295,0,0
BRDA:2,295,1,0
BRDA:2,296,0,0
BRDA:2,296,1,0
BRDA:2,297,0,0
BRDA:2,297,1,0
BRDA:2,298,0,0
BRDA:2,298,1,0
BRDA:2,299,0,0
BRDA:2,299,1,0
BRDA:2,300,0,0
BRDA:2,300,1,0
BRDA:2,301,0,0
BRDA:2,301,1,0
BRDA:2,302,0,0
BRDA:2,302,1,0
BRDA:2,302,2,0
BRDA:2,302,3,0
BRDA:2,303,0,0
BRDA:2,303,1,0
BRDA:2,303,2,0
BRDA:2,304,0,0
BRDA:2,304,1,0
BRDA:2,304,2,0
BRDA:2,304,3,0
BRDA:2,305,0,0
BRDA:2,305,1,0
BRDA:2,306,0,0
BRDA:2,306,1,0
BRDA:2,307,0,0
BRDA:2,307,1,0
BRDA:2,307,2,0
BRDA:2,308,0,0
BRDA:2,308,1,0
BRDA:2,308,2,0
BRDA:2,308,3,0
BRDA:2,309,0,0
BRDA:2,309,1,0
BRDA:2,310,0,0
BRDA:2,310,1,0
BRDA:2,311,0,0
BRDA:2,311,1,0
BRDA:2,312,0,0
BRDA:2,312,1,0
BRDA:2,313,0,0
BRDA:2,313,1,0
BRDA:2,314,0,0
BRDA:2,314,1,0
BRDA:2,314,2,0
BRDA:2,315,0,0
BRDA:2,315,1,0
BRDA:2,316,0,0
BRDA:2,316,1,0
BRDA:2,317,0,0
BRDA:2,317,1,0
BRDA:2,318,0,0
BRDA:2,318,1,0
BRDA:2,318,2,0
BRDA:2,318,3,0
BRDA:2,319,0,0
BRDA:2,319,1,0
BRDA:2,320,0,0
BRDA:2,320,1,0
BRDA:2,321,0,0
BRDA:2,321,1,0
BRDA:2,322,0,0
BRDA:2,322,1,0
BRDA:2,323,0,0
BRDA:2,323,1,0
BRDA:2,324,0,0
BRDA:2,324,1,0
BRDA:2,325,0,0
BRDA:2,325,1,0
BRDA:2,326,0,0
BRDA:2,326,1,0
BRDA:2,327,0,0
BRDA:2,327,1,0
BRDA:2,328,0,0
BRDA:2,328,1,0
BRDA:2,328,2,0
BRDA:2,329,0,0
BRDA:2,329,1,0
BRDA:2,330,0,0
BRDA:2,330,1,0
BRDA:2,331,0,0
BRDA:2,331,1,0
BRDA:2,332,0,0
BRDA:2,332,1,0
BRDA:2,333,0,0
BRDA:2,333,1,0
BRDA:2,333,2,0
BRDA:2,334,0,0
BRDA:2,334,1,0
BRDA:2,335,0,0
BRDA:2,335,1,0
BRDA:2,336,0,0
BRDA:2,336,1,0
BRDA:2,337,0,0
BRDA:2,337,1,0
BRDA:2,337,2,0
BRDA:2,337,3,0
BRDA:2,338,0,0
BRDA:2,338,1,0
BRDA:2,339,0,0
BRDA:2,339,1,0
BRDA:2,339,2,0
BRDA:2,340,0,0
BRDA:2,340,1,0
BRDA:2,340,2,0
BRDA:2,341,0,0
BRDA:2,341,1,0
BRDA:2,342,0,0
BRDA:2,342,1,0
BRDA:2,343,0,0
BRDA:2,343,1,0
BRDA:2,344,0,0
BRDA:2,344,1,0
BRDA:2,345,0,0
BRDA:2,345,1,0
BRDA:2,345,2,0
BRDA:2,346,0,0
BRDA:2,346,1,0
BRDA:2,347,0,0
BRDA:2,347,1,0
BRDA:2,348,0,0
BRDA:2,348,1,0
BRDA:2,349,0,0
BRDA:2,349,1,0
BRDA:2,350,0,0
BRDA:2,350,1,0
BRDA:2,351,0,0
BRDA:2,351,1,0
BRDA:2,352,0,0
BRDA:2,352,1,0
BRDA:2,353,0,0
BRDA:2,353,1,0
BRDA:2,354,0,0
BRDA:2,354,1,0
BRDA:2,355,0,0
BRDA:2,355,1,0
BRDA:2,356,0,0
BRDA:2,356,1,0
BRDA:2,357,0,0
BRDA:2,357,1,0
BRDA:2,358,0,0
BRDA:2,358,1,0
BRDA:2,359,0,0
BRDA:2,359,1,0
BRDA:2,359,2,0
BRDA:2,360,0,0
BRDA:2,360,1,0
BRDA:2,361,0,0
BRDA:2,361,1,0
BRDA:2,362,0,0
BRDA:2,362,1,0
BRDA:2,363,0,0
BRDA:2,363,1,0
BRDA:2,364,0,0
BRDA:2,364,1,0
BRDA:2,365,0,0
BRDA:2,365,1,0
BRDA:2,365,2,0
BRDA:2,365,3,0
BRDA:2,366,0,0
BRDA:2,366,1,0
BRDA:2,367,0,0
BRDA:2,367,1,0
BRDA:2,368,0,0
BRDA:2,368,1,0
BRDA:2,369,0,0
BRDA:2,369,1,0
BRDA:2,370,0,0
BRDA:2,370,1,0
BRDA:2,371,0,0
BRDA:2,371,1,0
BRDA:2,372,0,0
BRDA:2,372,1,0
BRDA:2,373,0,0
BRDA:2,373,1,0
BRDA:2,374,0,0
BRDA:2,374,1,0
BRDA:2,375,0,0
BRDA:2,375,1,0
BRDA:2,376,0,0
BRDA:2,376,1,0
BRDA:2,377,0,0
BRDA:2,377,1,0
BRDA:2,377,2,0
BRDA:2,378,0,0
BRDA:2,378,1,0
BRDA:2,379,0,0
BRDA:2,379,1,0
BRDA:2,380,0,0
BRDA:2,380,1,0
BRDA:2,381,0,0
BRDA:2,381,1,0
BRDA:2,382,0,0
BRDA:2,382,1,0
BRDA:2,383,0,0
BRDA:2,383,1,0
BRDA:2,384,0,0
BRDA:2,384,1,0
BRDA:2,385,0,0
BRDA:2,385,1,0
BRDA:2,386,0,0
BRDA:2,386,1,0
BRDA:2,387,0,0
BRDA:2,387,1,0
BRDA:2,388,0,0
BRDA:2,388,1,0
BRDA:2,389,0,0
BRDA:2,389,1,0
BRDA:2,390,0,0
BRDA:2,390,1,0
BRDA:2,391,0,0
BRDA:2,391,1,0
BRDA:2,392,0,0
BRDA:2,392,1,0
BRDA:2,393,0,0
BRDA:2,393,1,0
BRDA:2,394,0,0
BRDA:2,394,1,0
BRDA:2,395,0,0
BRDA:2,395,1,0
BRDA:2,395,2,0
BRDA:2,396,0,0
BRDA:2,396,1,0
BRDA:2,396,2,0
BRDA:2,396,3,0
BRDA:2,396,4,0
BRDA:2,397,0,0
BRDA:2,397,1,0
BRDA:2,398,0,0
BRDA:2,398,1,0
BRDA:2,399,0,0
BRDA:2,399,1,0
BRDA:2,400,0,0
BRDA:2,400,1,0
BRDA:2,401,0,0
BRDA:2,401,1,0
BRDA:2,402,0,0
BRDA:2,402,1,0
BRDA:2,403,0,0
BRDA:2,403,1,0
BRDA:2,404,0,0
BRDA:2,404,1,0
BRDA:2,405,0,0
BRDA:2,405,1,0
BRDA:2,406,0,0
BRDA:2,406,1,0
BRDA:2,407,0,0
BRDA:2,407,1,0
BRDA:2,408,0,0
BRDA:2,408,1,0
BRDA:2,408,2,0
BRDA:2,408,3,0
BRDA:2,408,4,0
BRDA:2,408,5,0
BRDA:2,409,0,0
BRDA:2,409,1,0
BRDA:2,410,0,0
BRDA:2,410,1,0
BRDA:2,411,0,0
BRDA:2,411,1,0
BRDA:2,412,0,0
BRDA:2,412,1,0
BRDA:2,413,0,0
BRDA:2,413,1,0
BRDA:2,414,0,0
BRDA:2,414,1,0
BRDA:2,415,0,0
BRDA:2,415,1,0
BRDA:2,416,0,0
BRDA:2,416,1,0
BRDA:2,416,2,0
BRDA:2,417,0,0
BRDA:2,417,1,0
BRDA:2,418,0,0
BRDA:2,418,1,0
BRDA:2,419,0,0
BRDA:2,419,1,0
BRDA:2,420,0,0
BRDA:2,420,1,0
BRDA:2,420,2,0
BRDA:2,421,0,0
BRDA:2,421,1,0
BRDA:2,422,0,0
BRDA:2,422,1,0
BRDA:2,423,0,0
BRDA:2,423,1,0
BRDA:2,424,0,0
BRDA:2,424,1,0
BRDA:2,424,2,0
BRDA:2,425,0,0
BRDA:2,425,1,0
BRDA:2,426,0,0
BRDA:2,426,1,0
BRDA:2,427,0,0
BRDA:2,427,1,0
BRDA:2,428,0,0
BRDA:2,428,1,0
BRDA:2,429,0,0
BRDA:2,429,1,0
BRDA:2,430,0,0
BRDA:2,430,1,0
BRDA:2,431,0,0
BRDA:2,431,1,0
BRDA:2,432,0,0
BRDA:2,432,1,0
BRDA:2,433,0,0
BRDA:2,433,1,0
BRDA:2,434,0,0
BRDA:2,434,1,0
BRDA:2,435,0,0
BRDA:2,435,1,0
BRDA:2,436,0,0
BRDA:2,436,1,0
BRDA:2,437,0,0
BRDA:2,437,1,0
BRDA:2,438,0,0
BRDA:2,438,1,0
BRDA:2,439,0,0
BRDA:2,439,1,0
BRDA:2,440,0,0
BRDA:2,440,1,0
BRDA:2,441,0,0
BRDA:2,441,1,0
BRDA:2,442,0,0
BRDA:2,442,1,0
BRDA:2,443,0,0
BRDA:2,443,1,0
BRDA:2,444,0,0
BRDA:2,444,1,0
BRDA:2,445,0,0
BRDA:2,445,1,0
BRDA:2,446,0,0
BRDA:2,446,1,0
BRDA:2,447,0,0
BRDA:2,447,1,0
BRDA:2,448,0,0
BRDA:2,448,1,0
BRDA:2,449,0,0
BRDA:2,449,1,0
BRDA:2,450,0,0
BRDA:2,450,1,0
BRDA:2,451,0,0
BRDA:2,451,1,0
BRDA:2,452,0,0
BRDA:2,452,1,0
BRDA:2,453,0,0
BRDA:2,453,1,0
BRDA:2,453,2,0
BRDA:2,454,0,0
BRDA:2,454,1,0
BRDA:2,454,2,0
BRDA:2,455,0,0
BRDA:2,455,1,0
BRDA:2,456,0,0
BRDA:2,456,1,0
BRDA:2,457,0,0
BRDA:2,457,1,0
BRDA:2,458,0,0
BRDA:2,458,1,0
BRDA:2,459,0,0
BRDA:2,459,1,0
BRDA:2,460,0,0
BRDA:2,460,1,0
BRDA:2,461,0,0
BRDA:2,461,1,0
BRDA:2,462,0,0
BRDA:2,462,1,0
BRDA:2,463,0,0
BRDA:2,463,1,0
BRDA:2,464,0,0
BRDA:2,464,1,0
BRDA:2,465,0,0
BRDA:2,465,1,0
BRDA:2,466,0,0
BRDA:2,466,1,0
BRDA:2,467,0,0
BRDA:2,467,1,0
BRDA:2,468,0,0
BRDA:2,468,1,0
BRDA:2,469,0,0
BRDA:2,469,1,0
BRDA:2,470,0,0
BRDA:2,470,1,0
BRDA:2,471,0,0
BRDA:2,471,1,0
BRDA:2,472,0,0
BRDA:2,472,1,0
BRDA:2,473,0,0
BRDA:2,473,1,0
BRDA:2,473,2,0
BRDA:2,473,3,0
BRDA:2,473,4,0
BRDA:2,474,0,0
BRDA:2,474,1,0
BRDA:2,475,0,0
BRDA:2,475,1,0
BRDA:2,475,2,0
BRDA:2,476,0,0
BRDA:2,476,1,0
BRDA:2,477,0,0
BRDA:2,477,1,0
BRDA:2,478,0,0
BRDA:2,478,1,0
BRDA:2,479,0,0
BRDA:2,479,1,0
BRDA:2,480,0,0
BRDA:2,480,1,0
BRDA:2,481,0,0
BRDA:2,481,1,0
BRDA:2,482,0,0
BRDA:2,482,1,0
BRDA:2,483,0,0
BRDA:2,483,1,0
BRDA:2,484,0,0
BRDA:2,484,1,0
BRDA:2,485,0,0
BRDA:2,485,1,0
BRDA:2,486,0,0
BRDA:2,486,1,0
BRDA:2,487,0,0
BRDA:2,487,1,0
BRDA:2,488,0,0
BRDA:2,488,1,0
BRDA:2,489,0,0
BRDA:2,489,1,0
BRDA:2,490,0,0
BRDA:2,490,1,0
BRDA:2,491,0,0
BRDA:2,491,1,0
BRDA:2,492,0,0
BRDA:2,492,1,0
BRDA:2,493,0,0
BRDA:2,493,1,0
BRDA:2,494,0,0
BRDA:2,494,1,0
BRDA:2,495,0,0
BRDA:2,495,1,0
BRDA:2,496,0,0
BRDA:2,496,1,0
BRDA:2,497,0,0
BRDA:2,497,1,0
BRDA:2,498,0,0
BRDA:2,498,1,0
BRDA:2,499,0,0
BRDA:2,499,1,0
BRDA:2,499,2,0
BRDA:2,500,0,0
BRDA:2,500,1,0
BRDA:2,501,0,0
BRDA:2,501,1,0
BRDA:2,502,0,0
BRDA:2,502,1,0
BRDA:2,503,0,0
BRDA:2,503,1,0
BRDA:2,504,0,0
BRDA:2,504,1,0
BRDA:2,505,0,0
BRDA:2,505,1,0
BRDA:2,506,0,0
BRDA:2,506,1,0
BRDA:2,507,0,0
BRDA:2,507,1,0
BRDA:2,508,0,0
BRDA:2,508,1,0
BRDA:2,509,0,0
BRDA:2,509,1,0
BRDA:2,510,0,0
BRDA:2,510,1,0
BRDA:2,511,0,0
BRDA:2,511,1,0
BRDA:2,512,0,0
BRDA:2,512,1,0
BRDA:2,513,0,0
BRDA:2,513,1,0
BRDA:2,514,0,0
BRDA:2,514,1,0
BRDA:2,515,0,0
BRDA:2,515,1,0
BRDA:2,516,0,0
BRDA:2,516,1,0
BRDA:2,517,0,0
BRDA:2,517,1,0
BRDA:2,518,0,0
BRDA:2,518,1,0
BRDA:2,518,2,0
BRDA:2,519,0,0
BRDA:2,519,1,0
BRDA:2,519,2,0
BRDA:2,519,3,0
BRDA:2,520,0,0
BRDA:2,520,1,0
BRDA:2,521,0,0
BRDA:2,521,1,0
BRDA:2,522,0,0
BRDA:2,522,1,0
BRDA:2,523,0,0
BRDA:2,523,1,0
BRDA:2,524,0,0
BRDA:2,524,1,0
BRDA:2,525,0,0
BRDA:2,525,1,0
BRDA:2,526,0,0
BRDA:2,526,1,0
BRDA:2,527,0,0
BRDA:2,527,1,0
BRDA:2,528,0,0
BRDA:2,528,1,0
BRDA:2,529,0,0
BRDA:2,529,1,0
BRDA:2,529,2,0
BRDA:2,529,3,0
BRDA:2,530,0,0
BRDA:2,530,1,0
BRDA:2,531,0,0
BRDA:2,531,1,0
BRDA:2,532,0,0
BRDA:2,532,1,0
BRDA:2,533,0,0
BRDA:2,533,1,0
BRDA:2,534,0,0
BRDA:2,534,1,0
BRDA:2,535,0,0
BRDA:2,535,1,0
BRDA:2,536,0,0
BRDA:2,536,1,0
BRDA:2,537,0,0
BRDA:2,537,1,0
BRDA:2,538,0,0
BRDA:2,538,1,0
BRDA:2,539,0,0
BRDA:2,539,1,0
BRDA:2,540,0,0
BRDA:2,540,1,0
BRDA:2,541,0,0
BRDA:2,541,1,0
BRDA:2,542,0,0
BRDA:2,542,1,0
BRDA:2,543,0,0
BRDA:2,543,1,0
BRDA:2,544,0,0
BRDA:2,544,1,0
BRDA:2,544,2,0
BRDA:2,545,0,0
BRDA:2,545,1,0
BRDA:2,546,0,0
BRDA:2,546,1,0
BRDA:2,547,0,0
BRDA:2,547,1,0
BRDA:2,548,0,0
BRDA:2,548,1,0
BRDA:2,549,0,0
BRDA:2,549,1,0
BRDA:2,550,0,0
BRDA:2,550,1,0
BRDA:2,551,0,0
BRDA:2,551,1,0
BRDA:2,552,0,0
BRDA:2,552,1,0
BRDA:2,553,0,0
BRDA:2,553,1,0
BRDA:2,554,0,0
BRDA:2,554,1,0
BRDA:2,555,0,0
BRDA:2,555,1,0
BRDA:2,556,0,0
BRDA:2,556,1,0
BRDA:2,557,0,0
BRDA:2,557,1,0
BRDA:2,557,2,0
BRDA:2,558,0,0
BRDA:2,558,1,0
BRDA:2,559,0,0
BRDA:2,559,1,0
BRDA:2,560,0,0
BRDA:2,560,1,0
BRDA:2,560,2,0
BRDA:2,560,3,0
BRDA:2,561,0,0
BRDA:2,561,1,0
BRDA:2,562,0,0
BRDA:2,562,1,0
BRDA:2,563,0,0
BRDA:2,563,1,0
BRDA:2,564,0,0
BRDA:2,564,1,0
BRDA:2,565,0,0
BRDA:2,565,1,0
BRDA:2,565,2,0
BRDA:2,566,0,0
BRDA:2,566,1,0
BRDA:2,567,0,0
BRDA:2,567,1,0
BRDA:2,567,2,0
BRDA:2,568,0,0
BRDA:2,568,1,0
BRDA:2,569,0,0
BRDA:2,569,1,0
BRDA:2,570,0,0
BRDA:2,570,1,0
BRDA:2,571,0,0
BRDA:2,571,1,0
BRDA:2,572,0,0
BRDA:2,572,1,0
BRDA:2,573,0,0
BRDA:2,573,1,0
BRDA:2,574,0,0
BRDA:2,574,1,0
BRDA:2,574,2,0
BRDA:2,575,0,0
BRDA:2,575,1,0
BRDA:2,576,0,0
BRDA:2,576,1,0
BRDA:2,577,0,0
BRDA:2,577,1,0
BRDA:2,578,0,0
BRDA:2,578,1,0
BRDA:2,579,0,0
BRDA:2,579,1,0
BRDA:2,580,0,0
BRDA:2,580,1,0
BRDA:2,581,0,0
BRDA:2,581,1,0
BRDA:2,582,0,0
BRDA:2,582,1,0
BRDA:2,583,0,0
BRDA:2,583,1,0
BRDA:2,584,0,0
BRDA:2,584,1,0
BRDA:2,584,2,0
BRDA:4,585,0,0
BRDA:4,585,1,0
BRDA:4,586,0,0
BRDA:4,586,1,0
BRDA:4,587,0,0
BRDA:4,587,1,0
BRDA:4,588,0,0
BRDA:4,588,1,0
BRDA:4,589,0,0
BRDA:4,589,1,0
BRDA:4,590,0,0
BRDA:4,590,1,0
BRDA:4,590,2,0
BRDA:4,590,3,0
BRDA:4,590,4,0
BRDA:4,590,5,0
BRDA:4,591,0,0
BRDA:4,591,1,0
BRDA:4,592,0,0
BRDA:4,592,1,0
BRDA:4,593,0,0
BRDA:4,593,1,0
BRDA:4,594,0,0
BRDA:4,594,1,0
BRDA:4,595,0,0
BRDA:4,595,1,0
BRDA:4,596,0,0
BRDA:4,596,1,0
BRDA:4,596,2,0
BRDA:4,597,0,0
BRDA:4,597,1,0
BRDA:4,598,0,0
BRDA:4,598,1,0
BRDA:4,599,0,0
BRDA:4,599,1,0
BRDA:4,600,0,0
BRDA:4,600,1,0
BRDA:4,601,0,0
BRDA:4,601,1,0
BRDA:4,602,0,0
BRDA:4,602,1,0
BRDA:4,603,0,0
BRDA:4,603,1,0
BRDA:4,604,0,0
BRDA:4,604,1,0
BRDA:4,605,0,0
BRDA:4,605,1,0
BRDA:4,606,0,0
BRDA:4,606,1,0
BRDA:4,607,0,0
BRDA:4,607,1,0
BRDA:4,608,0,0
BRDA:4,608,1,0
BRDA:4,609,0,0
BRDA:4,609,1,0
BRDA:4,610,0,0
BRDA:4,610,1,0
BRDA:4,611,0,0
BRDA:4,611,1,0
BRDA:4,612,0,0
BRDA:4,612,1,0
BRDA:4,613,0,0
BRDA:4,613,1,0
BRDA:4,614,0,0
BRDA:4,614,1,0
BRDA:4,615,0,0
BRDA:4,615,1,0
BRDA:4,615,2,0
BRDA:4,616,0,0
BRDA:4,616,1,0
BRDA:4,617,0,0
BRDA:4,617,1,0
BRDA:4,618,0,0
BRDA:4,618,1,0
BRDA:4,619,0,0
BRDA:4,619,1,0
BRDA:4,620,0,0
BRDA:4,620,1,0
BRDA:4,621,0,0
BRDA:4,621,1,0
BRDA:4,622,0,0
BRDA:4,622,1,0
BRDA:4,623,0,0
BRDA:4,623,1,0
BRDA:4,624,0,0
BRDA:4,624,1,0
BRDA:4,625,0,0
BRDA:4,625,1,0
BRDA:4,626,0,0
BRDA:4,626,1,0
BRDA:4,627,0,0
BRDA:4,627,1,0
BRDA:4,628,0,0
BRDA:4,628,1,0
BRDA:4,629,0,0
BRDA:4,629,1,0
BRDA:4,630,0,0
BRDA:4,630,1,0
BRDA:4,631,0,0
BRDA:4,631,1,0
BRDA:4,632,0,0
BRDA:4,632,1,0
BRDA:4,633,0,0
BRDA:4,633,1,0
BRDA:4,634,0,0
BRDA:4,634,1,0
BRDA:4,635,0,0
BRDA:4,635,1,0
BRDA:4,636,0,0
BRDA:4,636,1,0
BRDA:4,637,0,0
BRDA:4,637,1,0
BRDA:4,638,0,0
BRDA:4,638,1,0
BRDA:4,639,0,0
BRDA:4,639,1,0
BRDA:4,640,0,0
BRDA:4,640,1,0
BRDA:4,641,0,0
BRDA:4,641,1,0
BRDA:4,641,2,0
BRDA:4,642,0,0
BRDA:4,642,1,0
BRDA:4,643,0,0
BRDA:4,643,1,0
BRDA:4,644,0,0
BRDA:4,644,1,0
BRDA:4,645,0,0
BRDA:4,645,1,0
BRDA:4,646,0,0
BRDA:4,646,1,0
BRDA:4,646,2,0
BRDA:4,647,0,0
BRDA:4,647,1,0
BRDA:4,648,0,0
BRDA:4,648,1,0
BRDA:4,649,0,0
BRDA:4,649,1,0
BRDA:4,650,0,0
BRDA:4,650,1,0
BRDA:4,651,0,0
BRDA:4,651,1,0
BRDA:4,651,2,0
BRDA:4,652,0,0
BRDA:4,652,1,0
BRDA:4,653,0,0
BRDA:4,653,1,0
BRDA:4,654,0,0
BRDA:4,654,1,0
BRDA:4,655,0,0
BRDA:4,655,1,0
BRDA:4,656,0,0
BRDA:4,656,1,0
BRDA:4,657,0,0
BRDA:4,657,1,0
BRDA:4,658,0,0
BRDA:4,658,1,0
BRDA:4,659,0,0
BRDA:4,659,1,0
BRDA:4,660,0,0
BRDA:4,660,1,0
BRDA:4,661,0,0
BRDA:4,661,1,0
BRDA:4,662,0,0
BRDA:4,662,1,0
BRDA:4,663,0,0
BRDA:4,663,1,0
BRDA:4,664,0,0
BRDA:4,664,1,0
BRDA:4,665,0,0
BRDA:4,665,1,0
BRDA:4,666,0,0
BRDA:4,666,1,0
BRDA:4,667,0,0
BRDA:4,667,1,0
BRDA:4,668,0,0
BRDA:4,668,1,0
BRDA:4,669,0,0
BRDA:4,669,1,0
BRDA:4,670,0,0
BRDA:4,670,1,0
BRDA:4,671,0,0
BRDA:4,671,1,0
BRDA:4,672,0,0
BRDA:4,672,1,0
BRDA:4,673,0,0
BRDA:4,673,1,0
BRDA:4,673,2,0
BRDA:4,674,0,0
BRDA:4,674,1,0
BRDA:4,675,0,0
BRDA:4,675,1,0
BRDA:4,676,0,0
BRDA:4,676,1,0
BRDA:4,677,0,0
BRDA:4,677,1,0
BRDA:4,678,0,0
BRDA:4,678,1,0
BRDA:4,679,0,0
BRDA:4,679,1,0
BRDA:4,680,0,0
BRDA:4,680,1,0
BRDA:4,681,0,0
BRDA:4,681,1,0
BRDA:4,682,0,0
BRDA:4,682,1,0
BRDA:4,683,0,0
BRDA:4,683,1,0
BRDA:4,684,0,0
BRDA:4,684,1,0
BRDA:4,685,0,0
BRDA:4,685,1,0
BRDA:4,685,2,0
BRDA:4,686,0,0
BRDA:4,686,1,0
BRDA:4,687,0,0
BRDA:4,687,1,0
BRDA:4,688,0,0
BRDA:4,688,1,0
BRDA:4,689,0,0
BRDA:4,689,1,0
BRDA:4,690,0,0
BRDA:4,690,1,0
BRDA:4,691,0,0
BRDA:4,691,1,0
BRDA:4,692,0,0
BRDA:4,692,1,0
BRDA:4,693,0,0
BRDA:4,693,1,0
BRDA:4,694,0,0
BRDA:4,694,1,0
BRDA:4,695,0,0
BRDA:4,695,1,0
BRDA:4,696,0,0
BRDA:4,696,1,0
BRDA:4,697,0,0
BRDA:4,697,1,0
BRDA:4,698,0,0
BRDA:4,698,1,0
BRDA:4,699,0,0
BRDA:4,699,1,0
BRDA:4,700,0,0
BRDA:4,700,1,0
BRDA:4,701,0,0
BRDA:4,701,1,0
BRDA:4,702,0,0
BRDA:4,702,1,0
BRDA:4,703,0,0
BRDA:4,703,1,0
BRDA:4,704,0,0
BRDA:4,704,1,0
BRDA:4,704,2,0
BRDA:4,704,3,0
BRDA:4,704,4,0
BRDA:4,704,5,0
BRDA:4,704,6,0
BRDA:4,704,7,0
BRDA:4,704,8,0
BRDA:4,704,9,0
BRDA:4,704,10,0
BRDA:4,705,0,0
BRDA:4,705,1,0
BRDA:4,706,0,0
BRDA:4,706,1,0
BRDA:4,707,0,0
BRDA:4,707,1,0
BRDA:4,707,2,0
BRDA:4,708,0,0
BRDA:4,708,1,0
BRDA:4,708,2,0
BRDA:4,709,0,0
BRDA:4,709,1,0
BRDA:4,710,0,0
BRDA:4,710,1,0
BRDA:4,711,0,0
BRDA:4,711,1,0
BRDA:4,712,0,0
BRDA:4,712,1,0
BRDA:4,713,0,0
BRDA:4,713,1,0
BRDA:4,714,0,0
BRDA:4,714,1,0
BRDA:4,715,0,0
BRDA:4,715,1,0
BRDA:4,715,2,0
BRDA:4,715,3,0
BRDA:4,716,0,0
BRDA:4,716,1,0
BRDA:4,717,0,0
BRDA:4,717,1,0
BRDA:4,718,0,0
BRDA:4,718,1,0
BRDA:4,719,0,0
BRDA:4,719,1,0
BRDA:4,720,0,0
BRDA:4,720,1,0
BRDA:4,721,0,0
BRDA:4,721,1,0
BRDA:4,722,0,0
BRDA:4,722,1,0
BRDA:4,723,0,0
BRDA:4,723,1,0
BRDA:4,724,0,0
BRDA:4,724,1,0
BRDA:4,725,0,0
BRDA:4,725,1,0
BRDA:4,725,2,0
BRDA:4,726,0,0
BRDA:4,726,1,0
BRDA:4,727,0,0
BRDA:4,727,1,0
BRDA:4,727,2,0
BRDA:4,728,0,0
BRDA:4,728,1,0
BRDA:4,729,0,0
BRDA:4,729,1,0
BRDA:4,730,0,0
BRDA:4,730,1,0
BRDA:4,731,0,0
BRDA:4,731,1,0
BRDA:4,732,0,0
BRDA:4,732,1,0
BRDA:4,732,2,0
BRDA:4,733,0,0
BRDA:4,733,1,0
BRDA:4,734,0,0
BRDA:4,734,1,0
BRDA:4,735,0,0
BRDA:4,735,1,0
BRDA:4,736,0,0
BRDA:4,736,1,0
BRDA:4,737,0,0
BRDA:4,737,1,0
BRDA:4,738,0,0
BRDA:4,738,1,0
BRDA:4,739,0,0
BRDA:4,739,1,0
BRDA:4,740,0,0
BRDA:4,740,1,0
BRDA:4,740,2,0
BRDA:4,740,3,0
BRDA:4,741,0,0
BRDA:4,741,1,0
BRDA:4,742,0,0
BRDA:4,742,1,0
BRDA:4,743,0,0
BRDA:4,743,1,0
BRDA:4,743,2,0
BRDA:4,743,3,0
BRDA:4,743,4,0
BRDA:4,743,5,0
BRDA:4,743,6,0
BRDA:4,743,7,0
BRDA:4,744,0,0
BRDA:4,744,1,0
BRDA:4,745,0,0
BRDA:4,745,1,0
BRDA:4,746,0,0
BRDA:4,746,1,0
BRDA:4,747,0,0
BRDA:4,747,1,0
BRDA:4,748,0,0
BRDA:4,748,1,0
BRDA:4,749,0,0
BRDA:4,749,1,0
BRDA:4,750,0,0
BRDA:4,750,1,0
BRDA:4,751,0,0
BRDA:4,751,1,0
BRDA:4,752,0,0
BRDA:4,752,1,0
BRDA:4,753,0,0
BRDA:4,753,1,0
BRDA:4,753,2,0
BRDA:4,754,0,0
BRDA:4,754,1,0
BRDA:4,755,0,0
BRDA:4,755,1,0
BRDA:4,756,0,0
BRDA:4,756,1,0
BRDA:4,756,2,0
BRDA:4,757,0,0
BRDA:4,757,1,0
BRDA:4,758,0,0
BRDA:4,758,1,0
BRDA:4,759,0,0
BRDA:4,759,1,0
BRDA:4,759,2,0
BRDA:4,759,3,0
BRDA:4,760,0,0
BRDA:4,760,1,0
BRDA:4,761,0,0
BRDA:4,761,1,0
BRDA:4,762,0,0
BRDA:4,762,1,0
BRDA:4,762,2,0
BRDA:4,763,0,0
BRDA:4,763,1,0
BRDA:4,764,0,0
BRDA:4,764,1,0
BRDA:4,765,0,0
BRDA:4,765,1,0
BRDA:4,766,0,0
BRDA:4,766,1,0
BRDA:4,767,0,0
BRDA:4,767,1,0
BRDA:4,768,0,0
BRDA:4,768,1,0
BRDA:4,769,0,0
BRDA:4,769,1,0
BRDA:4,770,0,0
BRDA:4,770,1,0
BRDA:4,771,0,0
BRDA:4,771,1,0
BRDA:4,772,0,0
BRDA:4,772,1,0
BRDA:4,773,0,0
BRDA:4,773,1,0
BRDA:4,774,0,0
BRDA:4,774,1,0
BRDA:4,775,0,0
BRDA:4,775,1,0
BRDA:4,776,0,0
BRDA:4,776,1,0
BRDA:4,777,0,0
BRDA:4,777,1,0
BRDA:4,778,0,0
BRDA:4,778,1,0
BRDA:4,779,0,0
BRDA:4,779,1,0
BRDA:4,779,2,0
BRDA:4,780,0,0
BRDA:4,780,1,0
BRDA:4,781,0,0
BRDA:4,781,1,0
BRDA:4,781,2,0
BRDA:4,781,3,0
BRDA:4,781,4,0
BRDA:4,782,0,0
BRDA:4,782,1,0
BRDA:4,782,2,0
BRDA:4,782,3,0
BRDA:4,782,4,0
BRDA:4,783,0,0
BRDA:4,783,1,0
BRDA:4,783,2,0
BRDA:4,783,3,0
BRDA:4,783,4,0
BRDA:4,784,0,0
BRDA:4,784,1,0
BRDA:4,784,2,0
BRDA:4,784,3,0
BRDA:4,784,4,0
BRDA:4,785,0,0
BRDA:4,785,1,0
BRDA:4,785,2,0
BRDA:4,786,0,0
BRDA:4,786,1,0
BRDA:4,787,0,0
BRDA:4,787,1,0
BRDA:4,787,2,0
BRDA:4,788,0,0
BRDA:4,788,1,0
BRDA:4,789,0,0
BRDA:4,789,1,0
BRDA:4,790,0,0
BRDA:4,790,1,0
BRDA:4,791,0,0
BRDA:4,791,1,0
BRDA:4,792,0,0
BRDA:4,792,1,0
BRDA:4,793,0,0
BRDA:4,793,1,0
BRDA:4,794,0,0
BRDA:4,794,1,0
BRDA:4,795,0,0
BRDA:4,795,1,0
BRDA:4,796,0,0
BRDA:4,796,1,0
BRDA:4,796,2,0
BRDA:4,797,0,0
BRDA:4,797,1,0
BRDA:4,797,2,0
BRDA:4,798,0,0
BRDA:4,798,1,0
BRDA:4,799,0,0
BRDA:4,799,1,0
BRDA:4,800,0,0
BRDA:4,800,1,0
BRDA:4,801,0,0
BRDA:4,801,1,0
BRDA:4,802,0,0
BRDA:4,802,1,0
BRDA:4,803,0,0
BRDA:4,803,1,0
BRDA:4,804,0,0
BRDA:4,804,1,0
BRDA:4,805,0,0
BRDA:4,805,1,0
BRDA:4,806,0,0
BRDA:4,806,1,0
BRDA:4,807,0,0
BRDA:4,807,1,0
BRDA:4,808,0,0
BRDA:4,808,1,0
BRDA:4,808,2,0
BRDA:4,809,0,0
BRDA:4,809,1,0
BRDA:4,810,0,0
BRDA:4,810,1,0
BRDA:4,810,2,0
BRDA:4,811,0,0
BRDA:4,811,1,0
BRDA:4,812,0,0
BRDA:4,812,1,0
BRDA:4,813,0,0
BRDA:4,813,1,0
BRDA:4,814,0,0
BRDA:4,814,1,0
BRDA:4,815,0,0
BRDA:4,815,1,0
BRDA:4,815,2,0
BRDA:4,816,0,0
BRDA:4,816,1,0
BRDA:4,816,2,0
BRDA:4,816,3,0
BRDA:4,817,0,0
BRDA:4,817,1,0
BRDA:4,818,0,0
BRDA:4,818,1,0
BRDA:4,819,0,0
BRDA:4,819,1,0
BRDA:4,820,0,0
BRDA:4,820,1,0
BRDA:4,821,0,0
BRDA:4,821,1,0
BRDA:4,821,2,0
BRDA:4,822,0,0
BRDA:4,822,1,0
BRDA:4,823,0,0
BRDA:4,823,1,0
BRDA:4,823,2,0
BRDA:4,824,0,0
BRDA:4,824,1,0
BRDA:4,825,0,0
BRDA:4,825,1,0
BRDA:4,826,0,0
BRDA:4,826,1,0
BRDA:4,827,0,0
BRDA:4,827,1,0
BRDA:4,827,2,0
BRDA:4,828,0,0
BRDA:4,828,1,0
BRDA:4,829,0,0
BRDA:4,829,1,0
BRDA:4,829,2,0
BRDA:4,830,0,0
BRDA:4,830,1,0
BRDA:4,830,2,0
BRDA:4,831,0,0
BRDA:4,831,1,0
BRDA:4,831,2,0
BRDA:4,831,3,0
BRDA:4,832,0,0
BRDA:4,832,1,0
BRDA:4,833,0,0
BRDA:4,833,1,0
BRDA:4,833,2,0
BRDA:4,833,3,0
BRDA:4,833,4,0
BRDA:4,834,0,0
BRDA:4,834,1,0
BRDA:4,835,0,0
BRDA:4,835,1,0
BRDA:4,836,0,0
BRDA:4,836,1,0
BRDA:4,837,0,0
BRDA:4,837,1,0
BRDA:4,838,0,0
BRDA:4,838,1,0
BRDA:4,839,0,0
BRDA:4,839,1,0
BRDA:4,840,0,0
BRDA:4,840,1,0
BRDA:4,841,0,0
BRDA:4,841,1,0
BRDA:4,842,0,0
BRDA:4,842,1,0
BRDA:4,843,0,0
BRDA:4,843,1,0
BRDA:4,844,0,0
BRDA:4,844,1,0
BRDA:4,845,0,0
BRDA:4,845,1,0
BRDA:4,846,0,0
BRDA:4,846,1,0
BRDA:4,847,0,0
BRDA:4,847,1,0
BRDA:4,848,0,0
BRDA:4,848,1,0
BRDA:4,849,0,0
BRDA:4,849,1,0
BRDA:4,850,0,0
BRDA:4,850,1,0
BRDA:4,851,0,0
BRDA:4,851,1,0
BRDA:4,852,0,0
BRDA:4,852,1,0
BRDA:4,852,2,0
BRDA:4,853,0,0
BRDA:4,853,1,0
BRDA:4,854,0,0
BRDA:4,854,1,0
BRDA:4,855,0,0
BRDA:4,855,1,0
BRDA:4,855,2,0
BRDA:4,856,0,0
BRDA:4,856,1,0
BRDA:4,857,0,0
BRDA:4,857,1,0
BRDA:4,858,0,0
BRDA:4,858,1,0
BRDA:4,859,0,0
BRDA:4,859,1,0
BRDA:4,860,0,0
BRDA:4,860,1,0
BRDA:4,861,0,0
BRDA:4,861,1,0
BRDA:4,862,0,0
BRDA:4,862,1,0
BRDA:4,863,0,0
BRDA:4,863,1,0
BRDA:4,864,0,0
BRDA:4,864,1,0
BRDA:4,865,0,0
BRDA:4,865,1,0
BRDA:4,866,0,0
BRDA:4,866,1,0
BRDA:4,867,0,0
BRDA:4,867,1,0
BRDA:4,868,0,0
BRDA:4,868,1,0
BRDA:4,869,0,0
BRDA:4,869,1,0
BRDA:4,869,2,0
BRDA:4,870,0,0
BRDA:4,870,1,0
BRDA:4,871,0,0
BRDA:4,871,1,0
BRDA:4,872,0,0
BRDA:4,872,1,0
BRDA:4,873,0,0
BRDA:4,873,1,0
BRDA:4,874,0,0
BRDA:4,874,1,0
BRDA:4,875,0,0
BRDA:4,875,1,0
BRDA:4,876,0,0
BRDA:4,876,1,0
BRDA:4,877,0,0
BRDA:4,877,1,0
BRDA:4,878,0,0
BRDA:4,878,1,0
BRDA:4,879,0,0
BRDA:4,879,1,0
BRDA:4,880,0,0
BRDA:4,880,1,0
BRDA:4,881,0,0
BRDA:4,881,1,0
BRDA:4,882,0,0
BRDA:4,882,1,0
BRDA:4,883,0,0
BRDA:4,883,1,0
BRDA:4,884,0,0
BRDA:4,884,1,0
BRDA:4,885,0,0
BRDA:4,885,1,0
BRDA:4,886,0,0
BRDA:4,886,1,0
BRDA:4,887,0,0
BRDA:4,887,1,0
BRDA:4,888,0,0
BRDA:4,888,1,0
BRDA:4,888,2,0
BRDA:4,888,3,0
BRDA:4,889,0,0
BRDA:4,889,1,0
BRDA:4,890,0,0
BRDA:4,890,1,0
BRDA:4,891,0,0
BRDA:4,891,1,0
BRDA:4,892,0,0
BRDA:4,892,1,0
BRDA:4,893,0,0
BRDA:4,893,1,0
BRDA:4,893,2,0
BRDA:4,894,0,0
BRDA:4,894,1,0
BRDA:4,895,0,0
BRDA:4,895,1,0
BRDA:4,896,0,0
BRDA:4,896,1,0
BRDA:4,896,2,0
BRDA:4,897,0,0
BRDA:4,897,1,0
BRDA:4,897,2,0
BRDA:4,897,3,0
BRDA:4,897,4,0
BRDA:4,898,0,0
BRDA:4,898,1,0
BRDA:4,899,0,0
BRDA:4,899,1,0
BRDA:4,900,0,0
BRDA:4,900,1,0
BRDA:4,901,0,0
BRDA:4,901,1,0
BRDA:4,902,0,0
BRDA:4,902,1,0
BRDA:4,903,0,0
BRDA:4,903,1,0
BRDA:4,904,0,0
BRDA:4,904,1,0
BRDA:4,905,0,0
BRDA:4,905,1,0
BRDA:4,906,0,0
BRDA:4,906,1,0
BRDA:4,907,0,0
BRDA:4,907,1,0
BRDA:4,908,0,0
BRDA:4,908,1,0
BRDA:4,909,0,0
BRDA:4,909,1,0
BRDA:4,910,0,0
BRDA:4,910,1,0
BRDA:4,911,0,0
BRDA:4,911,1,0
BRDA:4,912,0,0
BRDA:4,912,1,0
BRDA:4,913,0,0
BRDA:4,913,1,0
BRDA:4,914,0,0
BRDA:4,914,1,0
BRDA:4,914,2,0
BRDA:4,915,0,0
BRDA:4,915,1,0
BRDA:4,916,0,0
BRDA:4,916,1,0
BRDA:4,917,0,0
BRDA:4,917,1,0
BRDA:4,918,0,0
BRDA:4,918,1,0
BRDA:4,919,0,0
BRDA:4,919,1,0
BRDA:4,920,0,0
BRDA:4,920,1,0
BRDA:4,920,2,0
BRDA:4,921,0,0
BRDA:4,921,1,0
BRDA:4,922,0,0
BRDA:4,922,1,0
BRDA:4,923,0,0
BRDA:4,923,1,0
BRDA:4,924,0,0
BRDA:4,924,1,0
BRDA:4,924,2,0
BRDA:4,925,0,0
BRDA:4,925,1,0
BRDA:4,926,0,0
BRDA:4,926,1,0
BRDA:4,927,0,0
BRDA:4,927,1,0
BRDA:4,928,0,0
BRDA:4,928,1,0
BRDA:4,929,0,0
BRDA:4,929,1,0
BRDA:4,929,2,0
BRDA:4,930,0,0
BRDA:4,930,1,0
BRDA:4,931,0,0
BRDA:4,931,1,0
BRDA:4,932,0,0
BRDA:4,932,1,0
BRDA:4,933,0,0
BRDA:4,933,1,0
BRDA:4,934,0,0
BRDA:4,934,1,0
BRDA:4,935,0,0
BRDA:4,935,1,0
BRDA:4,936,0,0
BRDA:4,936,1,0
BRDA:4,937,0,0
BRDA:4,937,1,0
BRDA:4,937,2,0
BRDA:4,938,0,0
BRDA:4,938,1,0
BRDA:4,939,0,0
BRDA:4,939,1,0
BRDA:4,939,2,0
BRDA:4,940,0,0
BRDA:4,940,1,0
BRDA:4,941,0,0
BRDA:4,941,1,0
BRDA:4,941,2,0
BRDA:4,942,0,0
BRDA:4,942,1,0
BRDA:4,943,0,0
BRDA:4,943,1,0
BRDA:4,944,0,0
BRDA:4,944,1,0
BRDA:4,945,0,0
BRDA:4,945,1,0
BRDA:4,945,2,0
BRDA:4,946,0,0
BRDA:4,946,1,0
BRDA:4,947,0,0
BRDA:4,947,1,0
BRDA:4,947,2,0
BRDA:4,948,0,0
BRDA:4,948,1,0
BRDA:4,949,0,0
BRDA:4,949,1,0
BRDA:4,949,2,0
BRDA:4,950,0,0
BRDA:4,950,1,0
BRDA:4,951,0,0
BRDA:4,951,1,0
BRDA:4,952,0,0
BRDA:4,952,1,0
BRDA:4,953,0,0
BRDA:4,953,1,0
BRDA:4,954,0,0
BRDA:4,954,1,0
BRDA:4,955,0,0
BRDA:4,955,1,0
BRDA:4,956,0,0
BRDA:4,956,1,0
BRDA:4,956,2,0
BRDA:4,956,3,0
BRDA:4,956,4,0
BRDA:4,956,5,0
BRDA:4,956,6,0
BRDA:4,957,0,0
BRDA:4,957,1,0
BRDA:4,958,0,0
BRDA:4,958,1,0
BRDA:4,959,0,0
BRDA:4,959,1,0
BRDA:4,960,0,0
BRDA:4,960,1,0
BRDA:4,961,0,0
BRDA:4,961,1,0
BRDA:4,962,0,0
BRDA:4,962,1,0
BRDA:4,963,0,0
BRDA:4,963,1,0
BRDA:4,963,2,0
BRDA:4,964,0,0
BRDA:4,964,1,0
BRDA:4,965,0,0
BRDA:4,965,1,0
BRDA:4,965,2,0
BRDA:4,965,3,0
BRDA:4,965,4,0
BRDA:4,966,0,0
BRDA:4,966,1,0
BRDA:4,967,0,0
BRDA:4,967,1,0
BRDA:4,968,0,0
BRDA:4,968,1,0
BRDA:4,969,0,0
BRDA:4,969,1,0
BRDA:4,970,0,0
BRDA:4,970,1,0
BRDA:4,971,0,0
BRDA:4,971,1,0
BRDA:4,972,0,0
BRDA:4,972,1,0
BRDA:4,973,0,0
BRDA:4,973,1,0
BRDA:4,973,2,0
BRDA:4,973,3,0
BRDA:4,974,0,0
BRDA:4,974,1,0
BRDA:4,975,0,0
BRDA:4,975,1,0
BRDA:4,976,0,0
BRDA:4,976,1,0
BRDA:4,977,0,0
BRDA:4,977,1,0
BRDA:4,977,2,0
BRDA:4,977,3,0
BRDA:4,978,0,0
BRDA:4,978,1,0
BRDA:4,979,0,0
BRDA:4,979,1,0
BRDA:4,980,0,0
BRDA:4,980,1,0
BRDA:4,981,0,0
BRDA:4,981,1,0
BRDA:4,982,0,0
BRDA:4,982,1,0
BRDA:4,982,2,0
BRDA:4,983,0,0
BRDA:4,983,1,0
BRDA:4,984,0,0
BRDA:4,984,1,0
BRDA:4,985,0,0
BRDA:4,985,1,0
BRDA:4,986,0,0
BRDA:4,986,1,0
BRDA:4,987,0,0
BRDA:4,987,1,0
BRDA:4,988,0,0
BRDA:4,988,1,0
BRDA:4,989,0,0
BRDA:4,989,1,0
BRDA:4,990,0,0
BRDA:4,990,1,0
BRDA:4,991,0,0
BRDA:4,991,1,0
BRDA:4,992,0,0
BRDA:4,992,1,0
BRDA:4,993,0,0
BRDA:4,993,1,0
BRDA:4,994,0,0
BRDA:4,994,1,0
BRDA:4,995,0,0
BRDA:4,995,1,0
BRDA:4,995,2,0
BRDA:4,996,0,0
BRDA:4,996,1,0
BRDA:4,996,2,0
BRDA:4,997,0,0
BRDA:4,997,1,0
BRDA:4,998,0,0
BRDA:4,998,1,0
BRDA:4,999,0,0
BRDA:4,999,1,0
BRDA:4,1000,0,0
BRDA:4,1000,1,0
BRDA:4,1001,0,0
BRDA:4,1001,1,0
BRDA:4,1001,2,0
BRDA:4,1001,3,0
BRDA:4,1002,0,0
BRDA:4,1002,1,0
BRDA:4,1002,2,0
BRDA:4,1003,0,0
BRDA:4,1003,1,0
BRDA:4,1004,0,0
BRDA:4,1004,1,0
BRDA:4,1005,0,0
BRDA:4,1005,1,0
BRDA:4,1006,0,0
BRDA:4,1006,1,0
BRDA:4,1007,0,0
BRDA:4,1007,1,0
BRDA:4,1008,0,0
BRDA:4,1008,1,0
BRDA:4,1009,0,0
BRDA:4,1009,1,0
BRDA:4,1010,0,0
BRDA:4,1010,1,0
BRDA:4,1011,0,0
BRDA:4,1011,1,0
BRDA:4,1012,0,0
BRDA:4,1012,1,0
BRDA:4,1013,0,0
BRDA:4,1013,1,0
BRDA:4,1013,2,0
BRDA:4,1014,0,0
BRDA:4,1014,1,0
BRDA:4,1015,0,0
BRDA:4,1015,1,0
BRDA:4,1016,0,0
BRDA:4,1016,1,0
BRDA:4,1017,0,0
BRDA:4,1017,1,0
BRDA:4,1018,0,0
BRDA:4,1018,1,0
BRDA:4,1018,2,0
BRDA:4,1019,0,0
BRDA:4,1019,1,0
BRDA:4,1020,0,0
BRDA:4,1020,1,0
BRDA:4,1021,0,0
BRDA:4,1021,1,0
BRDA:4,1022,0,0
BRDA:4,1022,1,0
BRDA:4,1023,0,0
BRDA:4,1023,1,0
BRDA:4,1024,0,0
BRDA:4,1024,1,0
BRDA:4,1025,0,0
BRDA:4,1025,1,0
BRDA:4,1026,0,0
BRDA:4,1026,1,0
BRDA:4,1027,0,0
BRDA:4,1027,1,0
BRDA:4,1028,0,0
BRDA:4,1028,1,0
BRDA:4,1029,0,0
BRDA:4,1029,1,0
BRDA:4,1029,2,0
BRDA:4,1030,0,0
BRDA:4,1030,1,0
BRDA:4,1030,2,0
BRDA:4,1031,0,0
BRDA:4,1031,1,0
BRDA:4,1031,2,0
BRDA:4,1031,3,0
BRDA:4,1032,0,0
BRDA:4,1032,1,0
BRDA:4,1033,0,0
BRDA:4,1033,1,0
BRDA:4,1033,2,0
BRDA:4,1033,3,0
BRDA:4,1033,4,0
BRDA:4,1034,0,0
BRDA:4,1034,1,0
BRDA:4,1035,0,0
BRDA:4,1035,1,0
BRDA:4,1036,0,0
BRDA:4,1036,1,0
BRDA:4,1037,0,0
BRDA:4,1037,1,0
BRDA:4,1038,0,0
BRDA:4,1038,1,0
BRDA:4,1039,0,0
BRDA:4,1039,1,0
BRDA:4,1040,0,0
BRDA:4,1040,1,0
BRDA:4,1041,0,0
BRDA:4,1041,1,0
BRDA:4,1042,0,0
BRDA:4,1042,1,0
BRDA:4,1043,0,0
BRDA:4,1043,1,0
BRDA:4,1044,0,0
BRDA:4,1044,1,0
BRDA:4,1045,0,0
BRDA:4,1045,1,0
BRDA:4,1046,0,0
BRDA:4,1046,1,0
BRDA:4,1047,0,0
BRDA:4,1047,1,0
BRDA:4,1048,0,0
BRDA:4,1048,1,0
BRDA:4,1049,0,0
BRDA:4,1049,1,0
BRDA:4,1050,0,0
BRDA:4,1050,1,0
BRDA:4,1051,0,0
BRDA:4,1051,1,0
BRDA:4,1052,0,0
BRDA:4,1052,1,0
BRDA:4,1052,2,0
BRDA:4,1053,0,0
BRDA:4,1053,1,0
BRDA:4,1053,2,0
BRDA:4,1054,0,0
BRDA:4,1054,1,0
BRDA:4,1055,0,0
BRDA:4,1055,1,0
BRDA:4,1056,0,0
BRDA:4,1056,1,0
BRDA:4,1057,0,0
BRDA:4,1057,1,0
BRDA:4,1058,0,0
BRDA:4,1058,1,0
BRDA:4,1059,0,0
BRDA:4,1059,1,0
BRDA:4,1060,0,0
BRDA:4,1060,1,0
BRDA:4,1061,0,0
BRDA:4,1061,1,0
BRDA:4,1061,2,0
BRDA:4,1061,3,0
BRDA:4,1062,0,0
BRDA:4,1062,1,0
BRDA:4,1063,0,0
BRDA:4,1063,1,0
BRDA:4,1064,0,0
BRDA:4,1064,1,0
BRDA:4,1065,0,0
BRDA:4,1065,1,0
BRDA:4,1066,0,0
BRDA:4,1066,1,0
BRDA:4,1066,2,0
BRDA:4,1067,0,0
BRDA:4,1067,1,0
BRDA:4,1068,0,0
BRDA:4,1068,1,0
BRDA:4,1068,2,0
BRDA:4,1069,0,0
BRDA:4,1069,1,0
BRDA:4,1069,2,0
BRDA:4,1070,0,0
BRDA:4,1070,1,0
BRDA:4,1070,2,0
BRDA:4,1071,0,0
BRDA:4,1071,1,0
BRDA:4,1071,2,0
BRDA:4,1071,3,0
BRDA:4,1072,0,0
BRDA:4,1072,1,0
BRDA:4,1072,2,0
BRDA:4,1073,0,0
BRDA:4,1073,1,0
BRDA:4,1074,0,0
BRDA:4,1074,1,0
BRDA:4,1075,0,0
BRDA:4,1075,1,0
BRDA:4,1075,2,0
BRDA:4,1076,0,0
BRDA:4,1076,1,0
BRDA:4,1077,0,0
BRDA:4,1077,1,0
BRDA:4,1077,2,0
BRDA:4,1078,0,0
BRDA:4,1078,1,0
BRDA:4,1079,0,0
BRDA:4,1079,1,0
BRDA:4,1080,0,0
BRDA:4,1080,1,0
BRDA:4,1081,0,0
BRDA:4,1081,1,0
BRDA:4,1082,0,0
BRDA:4,1082,1,0
BRDA:4,1083,0,0
BRDA:4,1083,1,0
BRDA:4,1084,0,0
BRDA:4,1084,1,0
BRDA:4,1085,0,0
BRDA:4,1085,1,0
BRDA:4,1086,0,0
BRDA:4,1086,1,0
BRDA:4,1087,0,0
BRDA:4,1087,1,0
BRDA:4,1088,0,0
BRDA:4,1088,1,0
BRDA:4,1089,0,0
BRDA:4,1089,1,0
BRDA:4,1090,0,0
BRDA:4,1090,1,0
BRDA:4,1091,0,0
BRDA:4,1091,1,0
BRDA:4,1092,0,0
BRDA:4,1092,1,0
BRDA:4,1093,0,0
BRDA:4,1093,1,0
BRDA:4,1094,0,0
BRDA:4,1094,1,0
BRDA:4,1095,0,0
BRDA:4,1095,1,0
BRDA:4,1096,0,0
BRDA:4,1096,1,0
BRDA:4,1096,2,0
BRDA:4,1096,3,0
BRDA:4,1097,0,0
BRDA:4,1097,1,0
BRDA:4,1097,2,0
BRDA:4,1097,3,0
BRDA:4,1097,4,0
BRDA:4,1097,5,0
BRDA:4,1098,0,0
BRDA:4,1098,1,0
BRDA:4,1098,2,0
BRDA:4,1099,0,0
BRDA:4,1099,1,0
BRDA:4,1100,0,0
BRDA:4,1100,1,0
BRDA:4,1101,0,0
BRDA:4,1101,1,0
BRDA:4,1102,0,0
BRDA:4,1102,1,0
BRDA:4,1102,2,0
BRDA:4,1103,0,0
BRDA:4,1103,1,0
BRDA:4,1104,0,0
BRDA:4,1104,1,0
BRDA:4,1105,0,0
BRDA:4,1105,1,0
BRDA:4,1106,0,0
BRDA:4,1106,1,0
BRDA:4,1107,0,0
BRDA:4,1107,1,0
BRDA:4,1108,0,0
BRDA:4,1108,1,0
BRDA:5,1109,0,0
BRDA:5,1109,1,0
BRDA:5,1110,0,0
BRDA:5,1110,1,0
BRDA:5,1111,0,0
BRDA:5,1111,1,0
BRDA:5,1112,0,0
BRDA:5,1112,1,0
BRDA:5,1113,0,0
BRDA:5,1113,1,0
BRDA:5,1114,0,0
BRDA:5,1114,1,0
BRDA:5,1115,0,0
BRDA:5,1115,1,0
BRDA:5,1116,0,0
BRDA:5,1116,1,0
BRDA:5,1117,0,0
BRDA:5,1117,1,0
BRDA:5,1118,0,0
BRDA:5,1118,1,0
BRDA:5,1119,0,0
BRDA:5,1119,1,0
BRDA:5,1119,2,0
BRDA:5,1120,0,0
BRDA:5,1120,1,0
BRDA:5,1121,0,0
BRDA:5,1121,1,0
BRDA:5,1122,0,0
BRDA:5,1122,1,0
BRDA:5,1123,0,0
BRDA:5,1123,1,0
BRDA:5,1124,0,0
BRDA:5,1124,1,0
BRDA:5,1124,2,0
BRDA:5,1125,0,0
BRDA:5,1125,1,0
BRDA:5,1125,2,0
BRDA:5,1126,0,0
BRDA:5,1126,1,0
BRDA:5,1126,2,0
BRDA:5,1127,0,0
BRDA:5,1127,1,0
BRDA:5,1128,0,0
BRDA:5,1128,1,0
BRDA:5,1128,2,0
BRDA:5,1128,3,0
BRDA:5,1129,0,0
BRDA:5,1129,1,0
BRDA:5,1130,0,0
BRDA:5,1130,1,0
BRDA:5,1131,0,0
BRDA:5,1131,1,0
BRDA:5,1132,0,0
BRDA:5,1132,1,0
BRDA:5,1133,0,0
BRDA:5,1133,1,0
BRDA:5,1134,0,0
BRDA:5,1134,1,0
BRDA:5,1134,2,0
BRDA:5,1135,0,0
BRDA:5,1135,1,0
BRDA:5,1136,0,0
BRDA:5,1136,1,0
BRDA:5,1137,0,0
BRDA:5,1137,1,0
BRDA:5,1137,2,0
BRDA:5,1138,0,0
BRDA:5,1138,1,0
BRDA:5,1139,0,0
BRDA:5,1139,1,0
BRDA:5,1140,0,0
BRDA:5,1140,1,0
BRDA:5,1141,0,0
BRDA:5,1141,1,0
BRDA:5,1142,0,0
BRDA:5,1142,1,0
BRDA:5,1143,0,0
BRDA:5,1143,1,0
BRDA:5,1144,0,0
BRDA:5,1144,1,0
BRDA:5,1145,0,0
BRDA:5,1145,1,0
BRDA:5,1146,0,0
BRDA:5,1146,1,0
BRDA:5,1147,0,0
BRDA:5,1147,1,0
BRDA:5,1148,0,0
BRDA:5,1148,1,0
BRDA:5,1148,2,0
BRDA:5,1148,3,0
BRDA:5,1149,0,0
BRDA:5,1149,1,0
BRDA:5,1150,0,0
BRDA:5,1150,1,0
BRDA:5,1151,0,0
BRDA:5,1151,1,0
BRDA:5,1151,2,0
BRDA:5,1152,0,0
BRDA:5,1152,1,0
BRDA:5,1153,0,0
BRDA:5,1153,1,0
BRDA:5,1154,0,0
BRDA:5,1154,1,0
BRDA:5,1155,0,0
BRDA:5,1155,1,0
BRDA:5,1156,0,0
BRDA:5,1156,1,0
BRDA:5,1157,0,0
BRDA:5,1157,1,0
BRDA:5,1158,0,0
BRDA:5,1158,1,0
BRDA:5,1159,0,0
BRDA:5,1159,1,0
BRDA:5,1160,0,0
BRDA:5,1160,1,0
BRDA:5,1161,0,0
BRDA:5,1161,1,0
BRDA:5,1161,2,0
BRDA:5,1162,0,0
BRDA:5,1162,1,0
BRDA:5,1162,2,0
BRDA:5,1163,0,0
BRDA:5,1163,1,0
BRDA:5,1164,0,0
BRDA:5,1164,1,0
BRDA:5,1165,0,0
BRDA:5,1165,1,0
BRDA:5,1166,0,0
BRDA:5,1166,1,0
BRDA:5,1167,0,0
BRDA:5,1167,1,0
BRDA:5,1168,0,0
BRDA:5,1168,1,0
BRDA:5,1169,0,0
BRDA:5,1169,1,0
BRDA:5,1170,0,0
BRDA:5,1170,1,0
BRDA:5,1171,0,0
BRDA:5,1171,1,0
BRDA:5,1172,0,0
BRDA:5,1172,1,0
BRDA:5,1173,0,0
BRDA:5,1173,1,0
BRDA:5,1174,0,0
BRDA:5,1174,1,0
BRDA:5,1175,0,0
BRDA:5,1175,1,0
BRDA:5,1176,0,0
BRDA:5,1176,1,0
BRDA:5,1177,0,0
BRDA:5,1177,1,0
BRDA:5,1178,0,0
BRDA:5,1178,1,0
BRDA:5,1179,0,0
BRDA:5,1179,1,0
BRDA:5,1180,0,0
BRDA:5,1180,1,0
BRDA:5,1181,0,0
BRDA:5,1181,1,0
BRDA:5,1182,0,0
BRDA:5,1182,1,0
BRDA:5,1183,0,0
BRDA:5,1183,1,0
BRDA:5,1184,0,0
BRDA:5,1184,1,0
BRDA:5,1185,0,0
BRDA:5,1185,1,0
BRDA:5,1186,0,0
BRDA:5,1186,1,0
BRDA:5,1187,0,0
BRDA:5,1187,1,0
BRDA:5,1188,0,0
BRDA:5,1188,1,0
BRDA:5,1189,0,0
BRDA:5,1189,1,0
BRDA:5,1190,0,0
BRDA:5,1190,1,0
BRDA:5,1191,0,0
BRDA:5,1191,1,0
BRDA:5,1192,0,0
BRDA:5,1192,1,0
BRDA:5,1193,0,0
BRDA:5,1193,1,0
BRDA:5,1194,0,0
BRDA:5,1194,1,0
BRDA:5,1195,0,0
BRDA:5,1195,1,0
BRDA:5,1196,0,0
BRDA:5,1196,1,0
BRDA:5,1197,0,0
BRDA:5,1197,1,0
BRDA:5,1197,2,0
BRDA:5,1197,3,0
BRDA:5,1197,4,0
BRDA:5,1198,0,0
BRDA:5,1198,1,0
BRDA:5,1198,2,0
BRDA:5,1198,3,0
BRDA:5,1198,4,0
BRDA:5,1199,0,0
BRDA:5,1199,1,0
BRDA:5,1200,0,0
BRDA:5,1200,1,0
BRDA:5,1201,0,0
BRDA:5,1201,1,0
BRDA:5,1202,0,0
BRDA:5,1202,1,0
BRDA:5,1202,2,0
BRDA:5,1203,0,0
BRDA:5,1203,1,0
BRDA:5,1204,0,0
BRDA:5,1204,1,0
BRDA:5,1205,0,0
BRDA:5,1205,1,0
BRDA:5,1205,2,0
BRDA:5,1206,0,0
BRDA:5,1206,1,0
BRDA:5,1207,0,0
BRDA:5,1207,1,0
BRDA:5,1208,0,0
BRDA:5,1208,1,0
BRDA:5,1209,0,0
BRDA:5,1209,1,0
BRDA:5,1209,2,0
BRDA:5,1210,0,0
BRDA:5,1210,1,0
BRDA:5,1211,0,0
BRDA:5,1211,1,0
BRDA:5,1212,0,0
BRDA:5,1212,1,0
BRDA:5,1213,0,0
BRDA:5,1213,1,0
BRDA:5,1213,2,0
BRDA:5,1214,0,0
BRDA:5,1214,1,0
BRDA:5,1214,2,0
BRDA:5,1214,3,0
BRDA:5,1215,0,0
BRDA:5,1215,1,0
BRDA:5,1215,2,0
BRDA:5,1215,3,0
BRDA:5,1216,0,0
BRDA:5,1216,1,0
BRDA:5,1216,2,0
BRDA:5,1217,0,0
BRDA:5,1217,1,0
BRDA:5,1218,0,0
BRDA:5,1218,1,0
BRDA:5,1219,0,0
BRDA:5,1219,1,0
BRDA:5,1220,0,0
BRDA:5,1220,1,0
BRDA:5,1220,2,0
BRDA:5,1221,0,0
BRDA:5,1221,1,0
BRDA:5,1221,2,0
BRDA:5,1222,0,0
BRDA:5,1222,1,0
BRDA:5,1222,2,0
BRDA:5,1223,0,0
BRDA:5,1223,1,0
BRDA:5,1224,0,0
BRDA:5,1224,1,0
BRDA:5,1225,0,0
BRDA:5,1225,1,0
BRDA:5,1225,2,0
BRDA:5,1226,0,0
BRDA:5,1226,1,0
BRDA:5,1227,0,0
BRDA:5,1227,1,0
BRDA:5,1228,0,0
BRDA:5,1228,1,0
BRDA:5,1229,0,0
BRDA:5,1229,1,0
BRDA:5,1230,0,0
BRDA:5,1230,1,0
BRDA:5,1231,0,0
BRDA:5,1231,1,0
BRDA:5,1232,0,0
BRDA:5,1232,1,0
BRDA:5,1233,0,0
BRDA:5,1233,1,0
BRDA:5,1234,0,0
BRDA:5,1234,1,0
BRDA:5,1235,0,0
BRDA:5,1235,1,0
BRDA:5,1236,0,0
BRDA:5,1236,1,0
BRDA:5,1237,0,0
BRDA:5,1237,1,0
BRDA:5,1238,0,0
BRDA:5,1238,1,0
BRDA:5,1239,0,0
BRDA:5,1239,1,0
BRDA:5,1240,0,0
BRDA:5,1240,1,0
BRDA:5,1240,2,0
BRDA:5,1240,3,0
BRDA:5,1241,0,0
BRDA:5,1241,1,0
BRDA:5,1242,0,0
BRDA:5,1242,1,0
BRDA:5,1243,0,0
BRDA:5,1243,1,0
BRDA:5,1244,0,0
BRDA:5,1244,1,0
BRDA:5,1244,2,0
BRDA:5,1245,0,0
BRDA:5,1245,1,0
BRDA:5,1246,0,0
BRDA:5,1246,1,0
BRDA:5,1247,0,0
BRDA:5,1247,1,0
BRDA:5,1248,0,0
BRDA:5,1248,1,0
BRDA:5,1249,0,0
BRDA:5,1249,1,0
BRDA:5,1250,0,0
BRDA:5,1250,1,0
BRDA:5,1251,0,0
BRDA:5,1251,1,0
BRDA:5,1252,0,0
BRDA:5,1252,1,0
BRDA:5,1253,0,0
BRDA:5,1253,1,0
BRDA:5,1254,0,0
BRDA:5,1254,1,0
BRDA:5,1254,2,0
BRDA:5,1254,3,0
BRDA:5,1254,4,0
BRDA:5,1255,0,0
BRDA:5,1255,1,0
BRDA:5,1256,0,0
BRDA:5,1256,1,0
BRDA:5,1257,0,0
BRDA:5,1257,1,0
BRDA:5,1258,0,0
BRDA:5,1258,1,0
BRDA:5,1259,0,0
BRDA:5,1259,1,0
BRDA:5,1260,0,0
BRDA:5,1260,1,0
BRDA:5,1261,0,0
BRDA:5,1261,1,0
BRDA:5,1262,0,0
BRDA:5,1262,1,0
BRDA:5,1263,0,0
BRDA:5,1263,1,0
BRDA:5,1263,2,0
BRDA:5,1263,3,0
BRDA:5,1264,0,0
BRDA:5,1264,1,0
BRDA:5,1265,0,0
BRDA:5,1265,1,0
BRDA:5,1265,2,0
BRDA:5,1266,0,0
BRDA:5,1266,1,0
BRDA:5,1267,0,0
BRDA:5,1267,1,0
BRDA:5,1268,0,0
BRDA:5,1268,1,0
BRDA:5,1269,0,0
BRDA:5,1269,1,0
BRDA:5,1270,0,0
BRDA:5,1270,1,0
BRDA:5,1270,2,0
BRDA:5,1271,0,0
BRDA:5,1271,1,0
BRDA:5,1272,0,0
BRDA:5,1272,1,0
BRDA:5,1273,0,0
BRDA:5,1273,1,0
BRDA:5,1274,0,0
BRDA:5,1274,1,0
BRDA:5,1274,2,0
BRDA:5,1275,0,0
BRDA:5,1275,1,0
BRDA:5,1276,0,0
BRDA:5,1276,1,0
BRDA:5,1277,0,0
BRDA:5,1277,1,0
BRDA:5,1278,0,0
BRDA:5,1278,1,0
BRDA:5,1279,0,0
BRDA:5,1279,1,0
BRDA:5,1280,0,0
BRDA:5,1280,1,0
BRDA:5,1281,0,0
BRDA:5,1281,1,0
BRDA:5,1281,2,0
BRDA:5,1282,0,0
BRDA:5,1282,1,0
BRDA:5,1283,0,0
BRDA:5,1283,1,0
BRDA:5,1284,0,0
BRDA:5,1284,1,0
BRDA:5,1284,2,0
BRDA:5,1285,0,0
BRDA:5,1285,1,0
BRDA:5,1286,0,0
BRDA:5,1286,1,0
BRDA:5,1287,0,0
BRDA:5,1287,1,0
BRDA:5,1288,0,0
BRDA:5,1288,1,0
BRDA:5,1288,2,0
BRDA:5,1289,0,0
BRDA:5,1289,1,0
BRDA:5,1289,2,0
BRDA:5,1290,0,0
BRDA:5,1290,1,0
BRDA:5,1291,0,0
BRDA:5,1291,1,0
BRDA:5,1292,0,0
BRDA:5,1292,1,0
BRDA:5,1292,2,0
BRDA:5,1293,0,0
BRDA:5,1293,1,0
BRDA:5,1294,0,0
BRDA:5,1294,1,0
BRDA:5,1295,0,0
BRDA:5,1295,1,0
BRDA:5,1296,0,0
BRDA:5,1296,1,0
BRDA:5,1297,0,0
BRDA:5,1297,1,0
BRDA:5,1297,2,0
BRDA:5,1298,0,0
BRDA:5,1298,1,0
BRDA:5,1299,0,0
BRDA:5,1299,1,0
BRDA:5,1300,0,0
BRDA:5,1300,1,0
BRDA:5,1301,0,0
BRDA:5,1301,1,0
BRDA:5,1302,0,0
BRDA:5,1302,1,0
BRDA:5,1303,0,0
BRDA:5,1303,1,0
BRDA:5,1304,0,0
BRDA:5,1304,1,0
BRDA:5,1305,0,0
BRDA:5,1305,1,0
BRDA:5,1306,0,0
BRDA:5,1306,1,0
BRDA:5,1307,0,0
BRDA:5,1307,1,0
BRDA:5,1308,0,0
BRDA:5,1308,1,0
BRDA:5,1309,0,0
BRDA:5,1309,1,0
BRDA:5,1310,0,0
BRDA:5,1310,1,0
BRDA:5,1311,0,0
BRDA:5,1311,1,0
BRDA:5,1312,0,0
BRDA:5,1312,1,0
BRDA:5,1313,0,0
BRDA:5,1313,1,0
BRDA:5,1314,0,0
BRDA:5,1314,1,0
BRDA:5,1315,0,0
BRDA:5,1315,1,0
BRDA:5,1315,2,0
BRDA:5,1315,3,0
BRDA:5,1316,0,0
BRDA:5,1316,1,0
BRDA:5,1317,0,0
BRDA:5,1317,1,0
BRDA:5,1318,0,0
BRDA:5,1318,1,0
BRDA:5,1319,0,0
BRDA:5,1319,1,0
BRDA:5,1320,0,0
BRDA:5,1320,1,0
BRDA:5,1321,0,0
BRDA:5,1321,1,0
BRDA:5,1321,2,0
BRDA:5,1322,0,0
BRDA:5,1322,1,0
BRDA:5,1323,0,0
BRDA:5,1323,1,0
BRDA:5,1323,2,0
BRDA:5,1324,0,0
BRDA:5,1324,1,0
BRDA:5,1325,0,0
BRDA:5,1325,1,0
BRDA:5,1326,0,0
BRDA:5,1326,1,0
BRDA:5,1326,2,0
BRDA:5,1327,0,0
BRDA:5,1327,1,0
BRDA:5,1328,0,0
BRDA:5,1328,1,0
BRDA:5,1329,0,0
BRDA:5,1329,1,0
BRDA:5,1330,0,0
BRDA:5,1330,1,0
BRDA:5,1331,0,0
BRDA:5,1331,1,0
BRDA:5,1332,0,0
BRDA:5,1332,1,0
BRDA:5,1333,0,0
BRDA:5,1333,1,0
BRDA:5,1334,0,0
BRDA:5,1334,1,0
BRDA:5,1335,0,0
BRDA:5,1335,1,0
BRDA:5,1336,0,0
BRDA:5,1336,1,0
BRDA:5,1337,0,0
BRDA:5,1337,1,0
BRDA:5,1338,0,0
BRDA:5,1338,1,0
BRDA:5,1339,0,0
BRDA:5,1339,1,0
BRDA:5,1340,0,0
BRDA:5,1340,1,0
BRDA:5,1341,0,0
BRDA:5,1341,1,0
BRDA:5,1342,0,0
BRDA:5,1342,1,0
BRDA:5,1342,2,0
BRDA:5,1343,0,0
BRDA:5,1343,1,0
BRDA:5,1344,0,0
BRDA:5,1344,1,0
BRDA:5,1345,0,0
BRDA:5,1345,1,0
BRDA:5,1346,0,0
BRDA:5,1346,1,0
BRDA:5,1347,0,0
BRDA:5,1347,1,0
BRDA:5,1348,0,0
BRDA:5,1348,1,0
BRDA:5,1349,0,0
BRDA:5,1349,1,0
BRDA:5,1350,0,0
BRDA:5,1350,1,0
BRDA:5,1351,0,0
BRDA:5,1351,1,0
BRDA:5,1352,0,0
BRDA:5,1352,1,0
BRDA:5,1353,0,0
BRDA:5,1353,1,0
BRDA:5,1354,0,0
BRDA:5,1354,1,0
BRDA:5,1355,0,0
BRDA:5,1355,1,0
BRDA:5,1356,0,0
BRDA:5,1356,1,0
BRDA:5,1357,0,0
BRDA:5,1357,1,0
BRDA:5,1358,0,0
BRDA:5,1358,1,0
BRDA:5,1359,0,0
BRDA:5,1359,1,0
BRDA:5,1359,2,0
BRDA:5,1360,0,0
BRDA:5,1360,1,0
BRDA:5,1361,0,0
BRDA:5,1361,1,0
BRDA:5,1362,0,0
BRDA:5,1362,1,0
BRDA:5,1363,0,0
BRDA:5,1363,1,0
BRDA:5,1364,0,0
BRDA:5,1364,1,0
BRDA:5,1365,0,0
BRDA:5,1365,1,0
BRDA:5,1366,0,0
BRDA:5,1366,1,0
BRDA:5,1367,0,0
BRDA:5,1367,1,0
BRDA:5,1368,0,0
BRDA:5,1368,1,0
BRDA:5,1369,0,0
BRDA:5,1369,1,0
BRDA:5,1370,0,0
BRDA:5,1370,1,0
BRDA:5,1371,0,0
BRDA:5,1371,1,0
BRDA:5,1372,0,0
BRDA:5,1372,1,0
BRDA:5,1373,0,0
BRDA:5,1373,1,0
BRDA:5,1374,0,0
BRDA:5,1374,1,0
BRDA:5,1374,2,0
BRDA:5,1375,0,0
BRDA:5,1375,1,0
BRDA:5,1376,0,0
BRDA:5,1376,1,0
BRDA:5,1377,0,0
BRDA:5,1377,1,0
BRDA:5,1378,0,0
BRDA:5,1378,1,0
BRDA:5,1379,0,0
BRDA:5,1379,1,0
BRDA:5,1380,0,0
BRDA:5,1380,1,0
BRDA:5,1380,2,0
BRDA:5,1380,3,0
BRDA:5,1381,0,0
BRDA:5,1381,1,0
BRDA:5,1382,0,0
BRDA:5,1382,1,0
BRDA:5,1383,0,0
BRDA:5,1383,1,0
BRDA:5,1384,0,0
BRDA:5,1384,1,0
BRDA:5,1385,0,0
BRDA:5,1385,1,0
BRDA:5,1386,0,0
BRDA:5,1386,1,0
BRDA:5,1387,0,0
BRDA:5,1387,1,0
BRDA:5,1388,0,0
BRDA:5,1388,1,0
BRDA:5,1389,0,0
BRDA:5,1389,1,0
BRDA:5,1390,0,0
BRDA:5,1390,1,0
BRDA:5,1391,0,0
BRDA:5,1391,1,0
BRDA:5,1391,2,0
BRDA:5,1392,0,0
BRDA:5,1392,1,0
BRDA:5,1393,0,0
BRDA:5,1393,1,0
BRDA:5,1393,2,0
BRDA:5,1394,0,0
BRDA:5,1394,1,0
BRDA:5,1395,0,0
BRDA:5,1395,1,0
BRDA:5,1396,0,0
BRDA:5,1396,1,0
BRDA:5,1397,0,0
BRDA:5,1397,1,0
BRDA:5,1398,0,0
BRDA:5,1398,1,0
BRDA:5,1399,0,0
BRDA:5,1399,1,0
BRDA:5,1400,0,0
BRDA:5,1400,1,0
BRDA:5,1401,0,0
BRDA:5,1401,1,0
BRDA:5,1402,0,0
BRDA:5,1402,1,0
BRDA:5,1403,0,0
BRDA:5,1403,1,0
BRDA:5,1404,0,0
BRDA:5,1404,1,0
BRDA:5,1405,0,0
BRDA:5,1405,1,0
BRDA:5,1406,0,0
BRDA:5,1406,1,0
BRDA:5,1407,0,0
BRDA:5,1407,1,0
BRDA:5,1408,0,0
BRDA:5,1408,1,0
BRDA:5,1409,0,0
BRDA:5,1409,1,0
BRDA:5,1410,0,0
BRDA:5,1410,1,0
BRDA:5,1411,0,0
BRDA:5,1411,1,0
BRDA:5,1412,0,0
BRDA:5,1412,1,0
BRDA:5,1413,0,0
BRDA:5,1413,1,0
BRDA:5,1414,0,0
BRDA:5,1414,1,0
BRDA:5,1414,2,0
BRDA:5,1414,3,0
BRDA:5,1415,0,0
BRDA:5,1415,1,0
BRDA:5,1416,0,0
BRDA:5,1416,1,0
BRDA:5,1417,0,0
BRDA:5,1417,1,0
BRDA:5,1418,0,0
BRDA:5,1418,1,0
BRDA:5,1419,0,0
BRDA:5,1419,1,0
BRDA:5,1420,0,0
BRDA:5,1420,1,0
BRDA:5,1421,0,0
BRDA:5,1421,1,0
BRDA:5,1422,0,0
BRDA:5,1422,1,0
BRDA:5,1423,0,0
BRDA:5,1423,1,0
BRDA:5,1424,0,0
BRDA:5,1424,1,0
BRDA:5,1425,0,0
BRDA:5,1425,1,0
BRDA:5,1426,0,0
BRDA:5,1426,1,0
BRDA:5,1427,0,0
BRDA:5,1427,1,0
BRDA:5,1428,0,0
BRDA:5,1428,1,0
BRDA:5,1429,0,0
BRDA:5,1429,1,0
BRDA:5,1430,0,0
BRDA:5,1430,1,0
BRDA:5,1431,0,0
BRDA:5,1431,1,0
BRDA:5,1432,0,0
BRDA:5,1432,1,0
BRDA:5,1433,0,0
BRDA:5,1433,1,0
BRDA:5,1434,0,0
BRDA:5,1434,1,0
BRDA:5,1434,2,0
BRDA:5,1435,0,0
BRDA:5,1435,1,0
BRDA:5,1436,0,0
BRDA:5,1436,1,0
BRDA:5,1437,0,0
BRDA:5,1437,1,0
BRDA:5,1438,0,0
BRDA:5,1438,1,0
BRDA:5,1439,0,0
BRDA:5,1439,1,0
BRDA:5,1440,0,0
BRDA:5,1440,1,0
BRDA:5,1441,0,0
BRDA:5,1441,1,0
BRDA:5,1442,0,0
BRDA:5,1442,1,0
BRDA:5,1443,0,0
BRDA:5,1443,1,0
BRDA:5,1444,0,0
BRDA:5,1444,1,0
BRDA:5,1445,0,0
BRDA:5,1445,1,0
BRDA:5,1446,0,0
BRDA:5,1446,1,0
BRDA:5,1447,0,0
BRDA:5,1447,1,0
BRDA:5,1448,0,0
BRDA:5,1448,1,0
BRDA:5,1448,2,0
BRDA:5,1449,0,0
BRDA:5,1449,1,0
BRDA:5,1449,2,0
BRDA:5,1449,3,0
BRDA:5,1450,0,0
BRDA:5,1450,1,0
BRDA:5,1451,0,0
BRDA:5,1451,1,0
BRDA:5,1452,0,0
BRDA:5,1452,1,0
BRDA:5,1453,0,0
BRDA:5,1453,1,0
BRDA:5,1453,2,0
BRDA:5,1453,3,0
BRDA:5,1454,0,0
BRDA:5,1454,1,0
BRDA:5,1455,0,0
BRDA:5,1455,1,0
BRDA:5,1456,0,0
BRDA:5,1456,1,0
BRDA:5,1457,0,0
BRDA:5,1457,1,0
BRDA:5,1458,0,0
BRDA:5,1458,1,0
BRDA:5,1458,2,0
BRDA:5,1458,3,0
BRDA:5,1459,0,0
BRDA:5,1459,1,0
BRDA:5,1460,0,0
BRDA:5,1460,1,0
BRDA:5,1460,2,0
BRDA:5,1461,0,0
BRDA:5,1461,1,0
BRDA:5,1462,0,0
BRDA:5,1462,1,0
BRDA:5,1463,0,0
BRDA:5,1463,1,0
BRDA:5,1464,0,0
BRDA:5,1464,1,0
BRDA:5,1465,0,0
BRDA:5,1465,1,0
BRDA:5,1466,0,0
BRDA:5,1466,1,0
BRDA:5,1467,0,0
BRDA:5,1467,1,0
BRDA:5,1468,0,0
BRDA:5,1468,1,0
BRDA:5,1469,0,0
BRDA:5,1469,1,0
BRDA:5,1470,0,0
BRDA:5,1470,1,0
BRDA:5,1470,2,0
BRDA:5,1470,3,0
BRDA:5,1470,4,0
BRDA:5,1471,0,0
BRDA:5,1471,1,0
BRDA:5,1472,0,0
BRDA:5,1472,1,0
BRDA:5,1473,0,0
BRDA:5,1473,1,0
BRDA:5,1474,0,0
BRDA:5,1474,1,0
BRDA:5,1475,0,0
BRDA:5,1475,1,0
BRDA:5,1475,2,0
BRDA:5,1476,0,0
BRDA:5,1476,1,0
BRDA:5,1477,0,0
BRDA:5,1477,1,0
BRDA:5,1478,0,0
BRDA:5,1478,1,0
BRDA:5,1478,2,0
BRDA:5,1479,0,0
BRDA:5,1479,1,0
BRDA:5,1480,0,0
BRDA:5,1480,1,0
BRDA:5,1481,0,0
BRDA:5,1481,1,0
BRDA:5,1482,0,0
BRDA:5,1482,1,0
BRDA:5,1483,0,0
BRDA:5,1483,1,0
BRDA:5,1484,0,0
BRDA:5,1484,1,0
BRDA:5,1484,2,0
BRDA:5,1485,0,0
BRDA:5,1485,1,0
BRDA:5,1486,0,0
BRDA:5,1486,1,0
BRDA:5,1487,0,0
BRDA:5,1487,1,0
BRDA:5,1488,0,0
BRDA:5,1488,1,0
BRDA:5,1489,0,0
BRDA:5,1489,1,0
BRDA:5,1490,0,0
BRDA:5,1490,1,0
BRDA:5,1491,0,0
BRDA:5,1491,1,0
BRDA:5,1492,0,0
BRDA:5,1492,1,0
BRDA:5,1493,0,0
BRDA:5,1493,1,0
BRDA:5,1493,2,0
BRDA:5,1494,0,0
BRDA:5,1494,1,0
BRDA:5,1495,0,0
BRDA:5,1495,1,0
BRDA:5,1496,0,0
BRDA:5,1496,1,0
BRDA:5,1497,0,0
BRDA:5,1497,1,0
BRDA:5,1498,0,0
BRDA:5,1498,1,0
BRDA:5,1499,0,0
BRDA:5,1499,1,0
BRDA:5,1500,0,0
BRDA:5,1500,1,0
BRDA:5,1501,0,0
BRDA:5,1501,1,0
BRDA:5,1502,0,0
BRDA:5,1502,1,0
BRDA:5,1503,0,0
BRDA:5,1503,1,0
BRDA:5,1504,0,0
BRDA:5,1504,1,0
BRDA:5,1505,0,0
BRDA:5,1505,1,0
BRDA:5,1506,0,0
BRDA:5,1506,1,0
BRDA:5,1507,0,0
BRDA:5,1507,1,0
BRDA:5,1508,0,0
BRDA:5,1508,1,0
BRDA:5,1509,0,0
BRDA:5,1509,1,0
BRDA:5,1510,0,0
BRDA:5,1510,1,0
BRDA:5,1511,0,0
BRDA:5,1511,1,0
BRDA:5,1512,0,0
BRDA:5,1512,1,0
BRDA:5,1512,2,0
BRDA:5,1512,3,0
BRDA:5,1513,0,0
BRDA:5,1513,1,0
BRDA:5,1513,2,0
BRDA:5,1514,0,0
BRDA:5,1514,1,0
BRDA:5,1515,0,0
BRDA:5,1515,1,0
BRDA:5,1516,0,0
BRDA:5,1516,1,0
BRDA:5,1517,0,0
BRDA:5,1517,1,0
BRDA:5,1518,0,0
BRDA:5,1518,1,0
BRDA:5,1519,0,0
BRDA:5,1519,1,0
BRDA:5,1520,0,0
BRDA:5,1520,1,0
BRDA:5,1521,0,0
BRDA:5,1521,1,0
BRDA:5,1522,0,0
BRDA:5,1522,1,0
BRDA:5,1523,0,0
BRDA:5,1523,1,0
BRDA:5,1524,0,0
BRDA:5,1524,1,0
BRDA:5,1525,0,0
BRDA:5,1525,1,0
BRDA:5,1525,2,0
BRDA:5,1526,0,0
BRDA:5,1526,1,0
BRDA:5,1527,0,0
BRDA:5,1527,1,0
BRDA:5,1527,2,0
BRDA:5,1527,3,0
BRDA:5,1527,4,0
BRDA:5,1527,5,0
BRDA:5,1528,0,0
BRDA:5,1528,1,0
BRDA:5,1529,0,0
BRDA:5,1529,1,0
BRDA:5,1530,0,0
BRDA:5,1530,1,0
BRDA:5,1531,0,0
BRDA:5,1531,1,0
BRDA:5,1531,2,0
BRDA:5,1531,3,0
BRDA:5,1532,0,0
BRDA:5,1532,1,0
BRDA:5,1533,0,0
BRDA:5,1533,1,0
BRDA:5,1534,0,0
BRDA:5,1534,1,0
BRDA:5,1535,0,0
BRDA:5,1535,1,0
BRDA:5,1536,0,0
BRDA:5,1536,1,0
BRDA:5,1537,0,0
BRDA:5,1537,1,0
BRDA:5,1538,0,0
BRDA:5,1538,1,0
BRDA:5,1538,2,0
BRDA:5,1539,0,0
BRDA:5,1539,1,0
BRDA:5,1539,2,0
BRDA:5,1540,0,0
BRDA:5,1540,1,0
BRDA:5,1541,0,0
BRDA:5,1541,1,0
BRDA:5,1541,2,0
BRDA:5,1542,0,0
BRDA:5,1542,1,0
BRDA:5,1543,0,0
BRDA:5,1543,1,0
BRDA:5,1543,2,0
BRDA:5,1544,0,0
BRDA:5,1544,1,0
BRDA:5,1545,0,0
BRDA:5,1545,1,0
BRDA:5,1546,0,0
BRDA:5,1546,1,0
BRDA:5,1547,0,0
BRDA:5,1547,1,0
BRDA:5,1548,0,0
BRDA:5,1548,1,0
BRDA:5,1548,2,0
BRDA:5,1549,0,0
BRDA:5,1549,1,0
BRDA:5,1550,0,0
BRDA:5,1550,1,0
BRDA:5,1551,0,0
BRDA:5,1551,1,0
BRDA:5,1552,0,0
BRDA:5,1552,1,0
BRDA:5,1553,0,0
BRDA:5,1553,1,0
BRDA:5,1554,0,0
BRDA:5,1554,1,0
BRDA:5,1555,0,0
BRDA:5,1555,1,0
BRDA:5,1556,0,0
BRDA:5,1556,1,0
BRDA:5,1557,0,0
BRDA:5,1557,1,0
BRDA:5,1558,0,0
BRDA:5,1558,1,0
BRDA:5,1558,2,0
BRDA:5,1559,0,0
BRDA:5,1559,1,0
BRDA:5,1560,0,0
BRDA:5,1560,1,0
BRDA:5,1560,2,0
BRDA:5,1560,3,0
BRDA:5,1561,0,0
BRDA:5,1561,1,0
BRDA:5,1562,0,0
BRDA:5,1562,1,0
BRDA:5,1563,0,0
BRDA:5,1563,1,0
BRDA:5,1564,0,0
BRDA:5,1564,1,0
BRDA:5,1565,0,0
BRDA:5,1565,1,0
BRDA:5,1566,0,0
BRDA:5,1566,1,0
BRDA:5,1567,0,0
BRDA:5,1567,1,0
BRDA:5,1567,2,0
BRDA:5,1567,3,0
BRDA:5,1568,0,0
BRDA:5,1568,1,0
BRDA:5,1569,0,0
BRDA:5,1569,1,0
BRDA:5,1570,0,0
BRDA:5,1570,1,0
BRDA:5,1571,0,0
BRDA:5,1571,1,0
BRDA:5,1572,0,0
BRDA:5,1572,1,0
BRDA:5,1573,0,0
BRDA:5,1573,1,0
BRDA:5,1574,0,0
BRDA:5,1574,1,0
BRDA:5,1575,0,0
BRDA:5,1575,1,0
BRDA:5,1576,0,0
BRDA:5,1576,1,0
BRDA:5,1577,0,0
BRDA:5,1577,1,0
BRDA:5,1577,2,0
BRDA:5,1578,0,0
BRDA:5,1578,1,0
BRDA:5,1579,0,0
BRDA:5,1579,1,0
BRDA:5,1580,0,0
BRDA:5,1580,1,0
BRDA:5,1581,0,0
BRDA:5,1581,1,0
BRDA:5,1582,0,0
BRDA:5,1582,1,0
BRDA:5,1583,0,0
BRDA:5,1583,1,0
BRDA:5,1584,0,0
BRDA:5,1584,1,0
BRDA:5,1584,2,0
BRDA:5,1585,0,0
BRDA:5,1585,1,0
BRDA:5,1586,0,0
BRDA:5,1586,1,0
BRDA:5,1587,0,0
BRDA:5,1587,1,0
BRDA:5,1588,0,0
BRDA:5,1588,1,0
BRDA:5,1589,0,0
BRDA:5,1589,1,0
BRDA:5,1589,2,0
BRDA:5,1590,0,0
BRDA:5,1590,1,0
BRDA:5,1591,0,0
BRDA:5,1591,1,0
BRDA:5,1592,0,0
BRDA:5,1592,1,0
BRDA:5,1593,0,0
BRDA:5,1593,1,0
BRDA:5,1594,0,0
BRDA:5,1594,1,0
BRDA:5,1595,0,0
BRDA:5,1595,1,0
BRDA:5,1596,0,0
BRDA:5,1596,1,0
BRDA:5,1597,0,0
BRDA:5,1597,1,0
BRDA:5,1598,0,0
BRDA:5,1598,1,0
BRDA:5,1598,2,0
BRDA:5,1599,0,0
BRDA:5,1599,1,0
BRDA:5,1600,0,0
BRDA:5,1600,1,0
BRDA:5,1601,0,0
BRDA:5,1601,1,0
BRDA:5,1602,0,0
BRDA:5,1602,1,0
BRDA:5,1603,0,0
BRDA:5,1603,1,0
BRDA:5,1604,0,0
BRDA:5,1604,1,0
BRDA:5,1605,0,0
BRDA:5,1605,1,0
BRDA:5,1606,0,0
BRDA:5,1606,1,0
BRDA:5,1607,0,0
BRDA:5,1607,1,0
BRDA:5,1608,0,0
BRDA:5,1608,1,0
BRDA:5,1609,0,0
BRDA:5,1609,1,0
BRDA:5,1610,0,0
BRDA:5,1610,1,0
BRDA:5,1611,0,0
BRDA:5,1611,1,0
BRDA:5,1612,0,0
BRDA:5,1612,1,0
BRDA:5,1613,0,0
BRDA:5,1613,1,0
BRDA:5,1614,0,0
BRDA:5,1614,1,0
BRDA:5,1615,0,0
BRDA:5,1615,1,0
BRDA:5,1616,0,0
BRDA:5,1616,1,0
BRDA:5,1617,0,0
BRDA:5,1617,1,0
BRDA:5,1618,0,0
BRDA:5,1618,1,0
BRDA:5,1619,0,0
BRDA:5,1619,1,0
BRDA:5,1620,0,0
BRDA:5,1620,1,0
BRDA:5,1620,2,0
BRDA:5,1621,0,0
BRDA:5,1621,1,0
BRDA:5,1622,0,0
BRDA:5,1622,1,0
BRDA:5,1623,0,0
BRDA:5,1623,1,0
BRDA:5,1624,0,0
BRDA:5,1624,1,0
BRDA:5,1625,0,0
BRDA:5,1625,1,0
BRDA:5,1626,0,0
BRDA:5,1626,1,0
BRDA:5,1627,0,0
BRDA:5,1627,1,0
BRDA:5,1628,0,0
BRDA:5,1628,1,0
BRDA:5,1629,0,0
BRDA:5,1629,1,0
BRDA:5,1630,0,0
BRDA:5,1630,1,0
BRDA:5,1630,2,0
BRDA:5,1631,0,0
BRDA:5,1631,1,0
BRDA:5,1632,0,0
BRDA:5,1632,1,0
BRDA:5,1633,0,0
BRDA:5,1633,1,0
BRDA:5,1634,0,0
BRDA:5,1634,1,0
BRDA:5,1635,0,0
BRDA:5,1635,1,0
BRDA:5,1636,0,0
BRDA:5,1636,1,0
BRDA:5,1637,0,0
BRDA:5,1637,1,0
BRDA:5,1638,0,0
BRDA:5,1638,1,0
BRDA:5,1638,2,0
BRDA:5,1639,0,0
BRDA:5,1639,1,0
BRDA:5,1640,0,0
BRDA:5,1640,1,0
BRDA:5,1640,2,0
BRDA:5,1641,0,0
BRDA:5,1641,1,0
BRF:3645
BRH:0
end_of_record
TN:
SF:/Users/qiuquanhu/Documents/other_items/lozad.js/demo/assets/js/main.js
FN:7,(anonymous_0)
FN:17,(anonymous_1)
FN:37,(anonymous_2)
FN:38,(anonymous_3)
FN:46,(anonymous_4)
FN:52,(anonymous_5)
FN:69,(anonymous_6)
FN:77,(anonymous_7)
FN:83,(anonymous_8)
FN:86,(anonymous_9)
FN:94,(anonymous_10)
FN:108,(anonymous_11)
FN:123,(anonymous_12)
FN:136,(anonymous_13)
FN:150,(anonymous_14)
FN:168,(anonymous_15)
FN:182,(anonymous_16)
FN:199,(anonymous_17)
FN:206,(anonymous_18)
FN:209,(anonymous_19)
FN:219,(anonymous_20)
FN:249,(anonymous_21)
FNF:22
FNH:0
FNDA:0,(anonymous_0)
FNDA:0,(anonymous_1)
FNDA:0,(anonymous_2)
FNDA:0,(anonymous_3)
FNDA:0,(anonymous_4)
FNDA:0,(anonymous_5)
FNDA:0,(anonymous_6)
FNDA:0,(anonymous_7)
FNDA:0,(anonymous_8)
FNDA:0,(anonymous_9)
FNDA:0,(anonymous_10)
FNDA:0,(anonymous_11)
FNDA:0,(anonymous_12)
FNDA:0,(anonymous_13)
FNDA:0,(anonymous_14)
FNDA:0,(anonymous_15)
FNDA:0,(anonymous_16)
FNDA:0,(anonymous_17)
FNDA:0,(anonymous_18)
FNDA:0,(anonymous_19)
FNDA:0,(anonymous_20)
FNDA:0,(anonymous_21)
DA:7,0
DA:9,0
DA:17,0
DA:19,0
DA:20,0
DA:21,0
DA:24,0
DA:25,0
DA:28,0
DA:29,0
DA:32,0
DA:35,0
DA:37,0
DA:38,0
DA:39,0
DA:46,0
DA:48,0
DA:50,0
DA:52,0
DA:53,0
DA:61,0
DA:64,0
DA:67,0
DA:69,0
DA:71,0
DA:72,0
DA:73,0
DA:76,0
DA:78,0
DA:82,0
DA:84,0
DA:88,0
DA:89,0
DA:91,0
DA:97,0
DA:98,0
DA:101,0
DA:102,0
DA:105,0
DA:111,0
DA:112,0
DA:115,0
DA:120,0
DA:125,0
DA:126,0
DA:128,0
DA:135,0
DA:138,0
DA:140,0
DA:141,0
DA:143,0
DA:149,0
DA:152,0
DA:155,0
DA:156,0
DA:158,0
DA:165,0
DA:168,0
DA:170,0
DA:171,0
DA:174,0
DA:176,0
DA:179,0
DA:184,0
DA:185,0
DA:187,0
DA:194,0
DA:199,0
DA:201,0
DA:202,0
DA:203,0
DA:205,0
DA:207,0
DA:210,0
DA:216,0
DA:219,0
DA:221,0
DA:222,0
DA:226,0
DA:227,0
DA:234,0
DA:237,0
DA:238,0
DA:241,0
DA:246,0
DA:247,0
DA:250,0
LF:87
LH:0
BRDA:24,0,0,0
BRDA:24,0,1,0
BRDA:28,1,0,0
BRDA:28,1,1,0
BRDA:32,2,0,0
BRDA:32,2,1,0
BRDA:88,3,0,0
BRDA:88,3,1,0
BRDA:97,4,0,0
BRDA:97,4,1,0
BRDA:138,5,0,0
BRDA:138,5,1,0
BRDA:152,6,0,0
BRDA:152,6,1,0
BRDA:152,7,0,0
BRDA:152,7,1,0
BRDA:174,8,0,0
BRDA:174,8,1,0
BRDA:174,9,0,0
BRDA:174,9,1,0
BRDA:226,10,0,0
BRDA:226,10,1,0
BRDA:237,11,0,0
BRDA:237,11,1,0
BRDA:246,12,0,0
BRDA:246,12,1,0
BRF:26
BRH:0
end_of_record
TN:
SF:/Users/qiuquanhu/Documents/other_items/lozad.js/demo/assets/js/ie/html5shiv.js
FN:4,(anonymous_0)
FN:4,m
FN:4,i
FN:4,p
FN:4,t
FN:5,(anonymous_5)
FN:5,(anonymous_6)
FN:5,q
FN:6,(anonymous_8)
FN:7,(anonymous_9)
FNF:10
FNH:0
FNDA:0,(anonymous_0)
FNDA:0,m
FNDA:0,i
FNDA:0,p
FNDA:0,t
FNDA:0,(anonymous_5)
FNDA:0,(anonymous_6)
FNDA:0,q
FNDA:0,(anonymous_8)
FNDA:0,(anonymous_9)
DA:4,0
DA:5,0
DA:6,0
DA:7,0
DA:8,0
LF:5
LH:0
BRDA:4,0,0,0
BRDA:4,0,1,0
BRDA:4,1,0,0
BRDA:4,1,1,0
BRDA:4,2,0,0
BRDA:4,2,1,0
BRDA:4,3,0,0
BRDA:4,3,1,0
BRDA:4,4,0,0
BRDA:4,4,1,0
BRDA:4,5,0,0
BRDA:4,5,1,0
BRDA:4,6,0,0
BRDA:4,6,1,0
BRDA:4,7,0,0
BRDA:4,7,1,0
BRDA:4,8,0,0
BRDA:4,8,1,0
BRDA:4,9,0,0
BRDA:4,9,1,0
BRDA:5,10,0,0
BRDA:5,10,1,0
BRDA:5,11,0,0
BRDA:5,11,1,0
BRDA:5,12,0,0
BRDA:5,12,1,0
BRDA:5,13,0,0
BRDA:5,13,1,0
BRDA:5,13,2,0
BRDA:5,14,0,0
BRDA:5,14,1,0
BRDA:6,15,0,0
BRDA:6,15,1,0
BRDA:6,16,0,0
BRDA:6,16,1,0
BRDA:6,17,0,0
BRDA:6,17,1,0
BRDA:6,18,0,0
BRDA:6,18,1,0
BRDA:6,18,2,0
BRDA:7,19,0,0
BRDA:7,19,1,0
BRDA:7,20,0,0
BRDA:7,20,1,0
BRDA:7,21,0,0
BRDA:7,21,1,0
BRDA:8,22,0,0
BRDA:8,22,1,0
BRF:48
BRH:0
end_of_record
TN:
SF:/Users/qiuquanhu/Documents/other_items/lozad.js/dist/lozad.es.js
FN:18,(anonymous_0)
FN:25,(anonymous_1)
FN:79,(anonymous_2)
FN:82,markAsLoaded
FN:86,(anonymous_4)
FN:88,(anonymous_5)
FN:88,(anonymous_6)
FN:89,(anonymous_7)
FN:102,(anonymous_8)
FN:102,(anonymous_9)
FN:103,(anonymous_10)
FN:110,(anonymous_11)
FN:122,lozad
FN:139,(anonymous_13)
FN:161,(anonymous_14)
FNF:15
FNH:0
FNDA:0,(anonymous_0)
FNDA:0,(anonymous_1)
FNDA:0,(anonymous_2)
FNDA:0,markAsLoaded
FNDA:0,(anonymous_4)
FNDA:0,(anonymous_5)
FNDA:0,(anonymous_6)
FNDA:0,(anonymous_7)
FNDA:0,(anonymous_8)
FNDA:0,(anonymous_9)
FNDA:0,(anonymous_10)
FNDA:0,(anonymous_11)
FNDA:0,lozad
FNDA:0,(anonymous_13)
FNDA:0,(anonymous_14)
DA:11,0
DA:18,0
DA:20,0
DA:22,0
DA:26,0
DA:27,0
DA:28,0
DA:29,0
DA:32,0
DA:33,0
DA:36,0
DA:39,0
DA:40,0
DA:41,0
DA:43,0
DA:44,0
DA:45,0
DA:46,0
DA:50,0
DA:54,0
DA:55,0
DA:58,0
DA:59,0
DA:62,0
DA:63,0
DA:64,0
DA:65,0
DA:66,0
DA:67,0
DA:68,0
DA:69,0
DA:71,0
DA:75,0
DA:76,0
DA:83,0
DA:86,0
DA:88,0
DA:89,0
DA:90,0
DA:91,0
DA:93,0
DA:94,0
DA:95,0
DA:96,0
DA:102,0
DA:103,0
DA:104,0
DA:105,0
DA:110,0
DA:111,0
DA:112,0
DA:115,0
DA:116,0
DA:119,0
DA:123,0
DA:126,0
DA:127,0
DA:134,0
DA:135,0
DA:138,0
DA:140,0
DA:142,0
DA:143,0
DA:144,0
DA:147,0
DA:148,0
DA:149,0
DA:152,0
DA:153,0
DA:156,0
DA:157,0
DA:158,0
DA:162,0
DA:163,0
DA:166,0
DA:167,0
DA:168,0
LF:77
LH:0
BRDA:11,0,0,0
BRDA:11,0,1,0
BRDA:18,1,0,0
BRDA:18,1,1,0
BRDA:26,2,0,0
BRDA:26,2,1,0
BRDA:28,3,0,0
BRDA:28,3,1,0
BRDA:28,4,0,0
BRDA:28,4,1,0
BRDA:32,5,0,0
BRDA:32,5,1,0
BRDA:39,6,0,0
BRDA:39,6,1,0
BRDA:39,7,0,0
BRDA:39,7,1,0
BRDA:40,8,0,0
BRDA:40,8,1,0
BRDA:45,9,0,0
BRDA:45,9,1,0
BRDA:54,10,0,0
BRDA:54,10,1,0
BRDA:58,11,0,0
BRDA:58,11,1,0
BRDA:62,12,0,0
BRDA:62,12,1,0
BRDA:64,13,0,0
BRDA:64,13,1,0
BRDA:66,14,0,0
BRDA:66,14,1,0
BRDA:67,15,0,0
BRDA:67,15,1,0
BRDA:68,16,0,0
BRDA:68,16,1,0
BRDA:71,17,0,0
BRDA:71,17,1,0
BRDA:75,18,0,0
BRDA:75,18,1,0
BRDA:90,19,0,0
BRDA:90,19,1,0
BRDA:90,20,0,0
BRDA:90,20,1,0
BRDA:93,21,0,0
BRDA:93,21,1,0
BRDA:104,22,0,0
BRDA:104,22,1,0
BRDA:104,23,0,0
BRDA:104,23,1,0
BRDA:104,23,2,0
BRDA:110,24,0,0
BRDA:111,25,0,0
BRDA:111,25,1,0
BRDA:115,26,0,0
BRDA:115,26,1,0
BRDA:122,27,0,0
BRDA:122,28,0,0
BRDA:126,29,0,0
BRDA:126,29,1,0
BRDA:134,30,0,0
BRDA:134,30,1,0
BRDA:143,31,0,0
BRDA:143,31,1,0
BRDA:147,32,0,0
BRDA:147,32,1,0
BRDA:148,33,0,0
BRDA:148,33,1,0
BRDA:162,34,0,0
BRDA:162,34,1,0
BRF:68
BRH:0
end_of_record
TN:
SF:/Users/qiuquanhu/Documents/other_items/lozad.js/dist/lozad.js
FN:6,(anonymous_0)
FN:10,(anonymous_1)
FN:24,support
FN:33,load
FN:87,loaded
FN:90,markAsLoaded
FN:94,isLoaded
FN:98,onIntersection
FN:99,(anonymous_8)
FN:100,(anonymous_9)
FN:114,onMutation
FN:115,(anonymous_11)
FN:116,(anonymous_12)
FN:124,getElements
FN:138,lozad
FN:164,observe
FN:186,triggerLoad
FNF:17
FNH:11
FNDA:1,(anonymous_0)
FNDA:1,(anonymous_1)
FNDA:48,support
FNDA:18,load
FNDA:17,loaded
FNDA:19,markAsLoaded
FNDA:19,isLoaded
FNDA:0,onIntersection
FNDA:0,(anonymous_8)
FNDA:0,(anonymous_9)
FNDA:0,onMutation
FNDA:0,(anonymous_11)
FNDA:0,(anonymous_12)
FNDA:18,getElements
FNDA:24,lozad
FNDA:18,observe
FNDA:1,triggerLoad
DA:6,1
DA:7,1
DA:17,1
DA:24,1
DA:25,48
DA:28,1
DA:30,1
DA:34,18
DA:35,3
DA:36,3
DA:37,0
DA:40,3
DA:41,3
DA:44,3
DA:47,18
DA:48,0
DA:49,0
DA:50,0
DA:51,0
DA:52,0
DA:53,0
DA:54,0
DA:58,0
DA:62,18
DA:63,9
DA:66,18
DA:67,2
DA:70,18
DA:71,1
DA:72,17
DA:73,3
DA:74,3
DA:75,3
DA:76,3
DA:77,2
DA:79,1
DA:83,18
DA:84,1
DA:91,19
DA:94,1
DA:95,19
DA:98,1
DA:99,0
DA:100,0
DA:101,0
DA:102,0
DA:104,0
DA:105,0
DA:106,0
DA:107,0
DA:114,1
DA:115,0
DA:116,0
DA:117,0
DA:118,0
DA:124,1
DA:125,18
DA:127,18
DA:128,2
DA:131,16
DA:132,1
DA:135,15
DA:139,24
DA:140,24
DA:142,24
DA:143,24
DA:144,24
DA:145,24
DA:146,24
DA:147,24
DA:149,24
DA:150,24
DA:151,24
DA:152,0
DA:159,24
DA:160,0
DA:163,24
DA:165,18
DA:167,18
DA:168,18
DA:169,0
DA:172,18
DA:173,0
DA:174,0
DA:177,0
DA:178,0
DA:181,18
DA:182,18
DA:183,18
DA:187,1
DA:188,0
DA:191,1
DA:192,1
DA:193,1
DA:201,1
LF:95
LH:66
BRDA:7,0,0,1
BRDA:7,0,1,0
BRDA:7,1,0,1
BRDA:7,1,1,1
BRDA:8,2,0,0
BRDA:8,2,1,0
BRDA:8,3,0,0
BRDA:8,3,1,0
BRDA:17,4,0,1
BRDA:17,4,1,1
BRDA:25,5,0,48
BRDA:25,5,1,48
BRDA:34,6,0,3
BRDA:34,6,1,15
BRDA:36,7,0,0
BRDA:36,7,1,3
BRDA:36,8,0,3
BRDA:36,8,1,0
BRDA:40,9,0,3
BRDA:40,9,1,0
BRDA:47,10,0,0
BRDA:47,10,1,18
BRDA:47,11,0,18
BRDA:47,11,1,0
BRDA:48,12,0,0
BRDA:48,12,1,0
BRDA:53,13,0,0
BRDA:53,13,1,0
BRDA:62,14,0,9
BRDA:62,14,1,9
BRDA:66,15,0,2
BRDA:66,15,1,16
BRDA:70,16,0,1
BRDA:70,16,1,17
BRDA:72,17,0,3
BRDA:72,17,1,14
BRDA:74,18,0,3
BRDA:74,18,1,1
BRDA:75,19,0,0
BRDA:75,19,1,3
BRDA:76,20,0,2
BRDA:76,20,1,1
BRDA:79,21,0,1
BRDA:79,21,1,0
BRDA:83,22,0,1
BRDA:83,22,1,17
BRDA:101,23,0,0
BRDA:101,23,1,0
BRDA:101,24,0,0
BRDA:101,24,1,0
BRDA:104,25,0,0
BRDA:104,25,1,0
BRDA:117,26,0,0
BRDA:117,26,1,0
BRDA:117,27,0,0
BRDA:117,27,1,0
BRDA:117,27,2,0
BRDA:125,28,0,0
BRDA:125,28,1,18
BRDA:125,29,0,18
BRDA:125,29,1,18
BRDA:127,30,0,2
BRDA:127,30,1,16
BRDA:131,31,0,1
BRDA:131,31,1,15
BRDA:139,32,0,10
BRDA:139,32,1,14
BRDA:139,33,0,24
BRDA:139,33,1,10
BRDA:140,34,0,3
BRDA:140,34,1,21
BRDA:140,35,0,24
BRDA:140,35,1,3
BRDA:151,36,0,0
BRDA:151,36,1,24
BRDA:159,37,0,0
BRDA:159,37,1,24
BRDA:168,38,0,0
BRDA:168,38,1,18
BRDA:172,39,0,0
BRDA:172,39,1,18
BRDA:173,40,0,0
BRDA:173,40,1,0
BRDA:187,41,0,0
BRDA:187,41,1,1
BRF:85
BRH:50
end_of_record
TN:
SF:/Users/qiuquanhu/Documents/other_items/lozad.js/dist/lozad.min.js
FN:4,(anonymous_0)
FN:4,(anonymous_1)
FN:9,(anonymous_2)
FN:9,(anonymous_3)
FN:10,(anonymous_4)
FN:15,v
FN:15,(anonymous_6)
FN:15,(anonymous_7)
FN:15,(anonymous_8)
FN:15,(anonymous_9)
FN:15,(anonymous_10)
FN:15,(anonymous_11)
FN:15,(anonymous_12)
FN:15,(anonymous_13)
FN:15,(anonymous_14)
FNF:15
FNH:0
FNDA:0,(anonymous_0)
FNDA:0,(anonymous_1)
FNDA:0,(anonymous_2)
FNDA:0,(anonymous_3)
FNDA:0,(anonymous_4)
FNDA:0,v
FNDA:0,(anonymous_6)
FNDA:0,(anonymous_7)
FNDA:0,(anonymous_8)
FNDA:0,(anonymous_9)
FNDA:0,(anonymous_10)
FNDA:0,(anonymous_11)
FNDA:0,(anonymous_12)
FNDA:0,(anonymous_13)
FNDA:0,(anonymous_14)
DA:4,0
DA:9,0
DA:10,0
DA:15,0
LF:4
LH:0
BRDA:4,0,0,0
BRDA:4,0,1,0
BRDA:4,1,0,0
BRDA:4,1,1,0
BRDA:4,2,0,0
BRDA:4,2,1,0
BRDA:4,3,0,0
BRDA:4,3,1,0
BRDA:9,4,0,0
BRDA:9,4,1,0
BRDA:9,5,0,0
BRDA:9,5,1,0
BRDA:9,6,0,0
BRDA:9,6,1,0
BRDA:9,7,0,0
BRDA:9,7,1,0
BRDA:9,7,2,0
BRDA:9,8,0,0
BRDA:9,8,1,0
BRDA:9,9,0,0
BRDA:9,9,1,0
BRDA:9,10,0,0
BRDA:9,10,1,0
BRDA:9,10,2,0
BRDA:9,11,0,0
BRDA:9,11,1,0
BRDA:9,12,0,0
BRDA:9,12,1,0
BRDA:9,13,0,0
BRDA:9,13,1,0
BRDA:9,14,0,0
BRDA:9,14,1,0
BRDA:9,15,0,0
BRDA:9,15,1,0
BRDA:9,16,0,0
BRDA:9,16,1,0
BRDA:10,17,0,0
BRDA:10,17,1,0
BRDA:10,18,0,0
BRDA:10,18,1,0
BRDA:10,19,0,0
BRDA:10,19,1,0
BRDA:10,20,0,0
BRDA:10,20,1,0
BRDA:15,21,0,0
BRDA:15,21,1,0
BRDA:15,22,0,0
BRDA:15,22,1,0
BRDA:15,23,0,0
BRDA:15,23,1,0
BRDA:15,24,0,0
BRDA:15,24,1,0
BRDA:15,25,0,0
BRDA:15,25,1,0
BRDA:15,26,0,0
BRDA:15,26,1,0
BRDA:15,26,2,0
BRDA:15,27,0,0
BRDA:15,27,1,0
BRDA:15,28,0,0
BRDA:15,28,1,0
BRDA:15,29,0,0
BRDA:15,29,1,0
BRDA:15,29,2,0
BRDA:15,29,3,0
BRDA:15,30,0,0
BRDA:15,30,1,0
BRDA:15,31,0,0
BRDA:15,31,1,0
BRDA:15,32,0,0
BRDA:15,32,1,0
BRDA:15,33,0,0
BRDA:15,33,1,0
BRDA:15,34,0,0
BRDA:15,34,1,0
BRDA:15,35,0,0
BRDA:15,35,1,0
BRDA:15,36,0,0
BRDA:15,36,1,0
BRDA:15,37,0,0
BRDA:15,37,1,0
BRF:81
BRH:0
end_of_record
TN:
SF:/Users/qiuquanhu/Documents/other_items/lozad.js/src/lozad.js
FN:13,(anonymous_0)
FN:20,(anonymous_1)
FN:74,(anonymous_2)
FN:77,markAsLoaded
FN:81,(anonymous_4)
FN:83,(anonymous_5)
FN:83,(anonymous_6)
FN:84,(anonymous_7)
FN:97,(anonymous_8)
FN:97,(anonymous_9)
FN:98,(anonymous_10)
FN:105,(anonymous_11)
FN:117,(anonymous_12)
FN:134,(anonymous_13)
FN:156,(anonymous_14)
FNF:15
FNH:0
FNDA:0,(anonymous_0)
FNDA:0,(anonymous_1)
FNDA:0,(anonymous_2)
FNDA:0,markAsLoaded
FNDA:0,(anonymous_4)
FNDA:0,(anonymous_5)
FNDA:0,(anonymous_6)
FNDA:0,(anonymous_7)
FNDA:0,(anonymous_8)
FNDA:0,(anonymous_9)
FNDA:0,(anonymous_10)
FNDA:0,(anonymous_11)
FNDA:0,(anonymous_12)
FNDA:0,(anonymous_13)
FNDA:0,(anonymous_14)
DA:6,0
DA:13,0
DA:15,0
DA:17,0
DA:21,0
DA:22,0
DA:23,0
DA:24,0
DA:27,0
DA:28,0
DA:31,0
DA:34,0
DA:35,0
DA:36,0
DA:38,0
DA:39,0
DA:40,0
DA:41,0
DA:45,0
DA:49,0
DA:50,0
DA:53,0
DA:54,0
DA:57,0
DA:58,0
DA:59,0
DA:60,0
DA:61,0
DA:62,0
DA:63,0
DA:64,0
DA:66,0
DA:70,0
DA:71,0
DA:78,0
DA:81,0
DA:83,0
DA:84,0
DA:85,0
DA:86,0
DA:88,0
DA:89,0
DA:90,0
DA:91,0
DA:97,0
DA:98,0
DA:99,0
DA:100,0
DA:105,0
DA:106,0
DA:107,0
DA:110,0
DA:111,0
DA:114,0
DA:118,0
DA:121,0
DA:122,0
DA:129,0
DA:130,0
DA:133,0
DA:135,0
DA:137,0
DA:138,0
DA:139,0
DA:142,0
DA:143,0
DA:144,0
DA:147,0
DA:148,0
DA:151,0
DA:152,0
DA:153,0
DA:157,0
DA:158,0
DA:161,0
DA:162,0
DA:163,0
LF:77
LH:0
BRDA:6,0,0,0
BRDA:6,0,1,0
BRDA:13,1,0,0
BRDA:13,1,1,0
BRDA:21,2,0,0
BRDA:21,2,1,0
BRDA:23,3,0,0
BRDA:23,3,1,0
BRDA:23,4,0,0
BRDA:23,4,1,0
BRDA:27,5,0,0
BRDA:27,5,1,0
BRDA:34,6,0,0
BRDA:34,6,1,0
BRDA:34,7,0,0
BRDA:34,7,1,0
BRDA:35,8,0,0
BRDA:35,8,1,0
BRDA:40,9,0,0
BRDA:40,9,1,0
BRDA:49,10,0,0
BRDA:49,10,1,0
BRDA:53,11,0,0
BRDA:53,11,1,0
BRDA:57,12,0,0
BRDA:57,12,1,0
BRDA:59,13,0,0
BRDA:59,13,1,0
BRDA:61,14,0,0
BRDA:61,14,1,0
BRDA:62,15,0,0
BRDA:62,15,1,0
BRDA:63,16,0,0
BRDA:63,16,1,0
BRDA:66,17,0,0
BRDA:66,17,1,0
BRDA:70,18,0,0
BRDA:70,18,1,0
BRDA:85,19,0,0
BRDA:85,19,1,0
BRDA:85,20,0,0
BRDA:85,20,1,0
BRDA:88,21,0,0
BRDA:88,21,1,0
BRDA:99,22,0,0
BRDA:99,22,1,0
BRDA:99,23,0,0
BRDA:99,23,1,0
BRDA:99,23,2,0
BRDA:105,24,0,0
BRDA:106,25,0,0
BRDA:106,25,1,0
BRDA:110,26,0,0
BRDA:110,26,1,0
BRDA:117,27,0,0
BRDA:117,28,0,0
BRDA:121,29,0,0
BRDA:121,29,1,0
BRDA:129,30,0,0
BRDA:129,30,1,0
BRDA:138,31,0,0
BRDA:138,31,1,0
BRDA:142,32,0,0
BRDA:142,32,1,0
BRDA:143,33,0,0
BRDA:143,33,1,0
BRDA:157,34,0,0
BRDA:157,34,1,0
BRF:68
BRH:0
end_of_record
